{"total": {"lines":{"total":3177,"covered":113,"skipped":0,"pct":3.55},"statements":{"total":3177,"covered":113,"skipped":0,"pct":3.55},"functions":{"total":29,"covered":11,"skipped":0,"pct":37.93},"branches":{"total":51,"covered":29,"skipped":0,"pct":56.86},"branchesTrue":{"total":0,"covered":0,"skipped":0,"pct":100}}
,"C:\\Users\\dante\\OneDrive\\Escritorio\\MenYU\\apps\\web-cliente\\eslint.config.js": {"lines":{"total":28,"covered":0,"skipped":0,"pct":0},"functions":{"total":1,"covered":0,"skipped":0,"pct":0},"statements":{"total":28,"covered":0,"skipped":0,"pct":0},"branches":{"total":1,"covered":0,"skipped":0,"pct":0}}
,"C:\\Users\\dante\\OneDrive\\Escritorio\\MenYU\\apps\\web-cliente\\postcss.config.js": {"lines":{"total":6,"covered":0,"skipped":0,"pct":0},"functions":{"total":1,"covered":0,"skipped":0,"pct":0},"statements":{"total":6,"covered":0,"skipped":0,"pct":0},"branches":{"total":1,"covered":0,"skipped":0,"pct":0}}
,"C:\\Users\\dante\\OneDrive\\Escritorio\\MenYU\\apps\\web-cliente\\tailwind.config.js": {"lines":{"total":10,"covered":0,"skipped":0,"pct":0},"functions":{"total":1,"covered":0,"skipped":0,"pct":0},"statements":{"total":10,"covered":0,"skipped":0,"pct":0},"branches":{"total":1,"covered":0,"skipped":0,"pct":0}}
,"C:\\Users\\dante\\OneDrive\\Escritorio\\MenYU\\apps\\web-cliente\\dist\\assets\\index-Cce9CCoL.js": {"lines":{"total":67,"covered":0,"skipped":0,"pct":0},"functions":{"total":1,"covered":0,"skipped":0,"pct":0},"statements":{"total":67,"covered":0,"skipped":0,"pct":0},"branches":{"total":1,"covered":0,"skipped":0,"pct":0}}
,"C:\\Users\\dante\\OneDrive\\Escritorio\\MenYU\\apps\\web-cliente\\src\\App.tsx": {"lines":{"total":195,"covered":0,"skipped":0,"pct":0},"functions":{"total":1,"covered":0,"skipped":0,"pct":0},"statements":{"total":195,"covered":0,"skipped":0,"pct":0},"branches":{"total":1,"covered":0,"skipped":0,"pct":0}}
,"C:\\Users\\dante\\OneDrive\\Escritorio\\MenYU\\apps\\web-cliente\\src\\hooks\\usePedidosCliente.ts": {"lines":{"total":46,"covered":0,"skipped":0,"pct":0},"functions":{"total":1,"covered":0,"skipped":0,"pct":0},"statements":{"total":46,"covered":0,"skipped":0,"pct":0},"branches":{"total":1,"covered":0,"skipped":0,"pct":0}}
,"C:\\Users\\dante\\OneDrive\\Escritorio\\MenYU\\apps\\web-cliente\\src\\pages\\carrito\\CarritoPage.tsx": {"lines":{"total":555,"covered":0,"skipped":0,"pct":0},"functions":{"total":1,"covered":0,"skipped":0,"pct":0},"statements":{"total":555,"covered":0,"skipped":0,"pct":0},"branches":{"total":1,"covered":0,"skipped":0,"pct":0}}
,"C:\\Users\\dante\\OneDrive\\Escritorio\\MenYU\\apps\\web-cliente\\src\\pages\\check-in\\CheckInPage.tsx": {"lines":{"total":175,"covered":0,"skipped":0,"pct":0},"functions":{"total":1,"covered":0,"skipped":0,"pct":0},"statements":{"total":175,"covered":0,"skipped":0,"pct":0},"branches":{"total":1,"covered":0,"skipped":0,"pct":0}}
,"C:\\Users\\dante\\OneDrive\\Escritorio\\MenYU\\apps\\web-cliente\\src\\pages\\menu\\ClienteMenuPage.tsx": {"lines":{"total":846,"covered":0,"skipped":0,"pct":0},"functions":{"total":1,"covered":0,"skipped":0,"pct":0},"statements":{"total":846,"covered":0,"skipped":0,"pct":0},"branches":{"total":1,"covered":0,"skipped":0,"pct":0}}
,"C:\\Users\\dante\\OneDrive\\Escritorio\\MenYU\\apps\\web-cliente\\src\\pages\\menu\\ItemDetailPage.tsx": {"lines":{"total":354,"covered":0,"skipped":0,"pct":0},"functions":{"total":1,"covered":0,"skipped":0,"pct":0},"statements":{"total":354,"covered":0,"skipped":0,"pct":0},"branches":{"total":1,"covered":0,"skipped":0,"pct":0}}
,"C:\\Users\\dante\\OneDrive\\Escritorio\\MenYU\\apps\\web-cliente\\src\\pages\\pago\\PagarPage.tsx": {"lines":{"total":321,"covered":0,"skipped":0,"pct":0},"functions":{"total":1,"covered":0,"skipped":0,"pct":0},"statements":{"total":321,"covered":0,"skipped":0,"pct":0},"branches":{"total":1,"covered":0,"skipped":0,"pct":0}}
,"C:\\Users\\dante\\OneDrive\\Escritorio\\MenYU\\apps\\web-cliente\\src\\pages\\pago\\PagoExitosoPage.tsx": {"lines":{"total":33,"covered":0,"skipped":0,"pct":0},"functions":{"total":1,"covered":0,"skipped":0,"pct":0},"statements":{"total":33,"covered":0,"skipped":0,"pct":0},"branches":{"total":1,"covered":0,"skipped":0,"pct":0}}
,"C:\\Users\\dante\\OneDrive\\Escritorio\\MenYU\\apps\\web-cliente\\src\\pages\\pago\\PagoFallidoPage.tsx": {"lines":{"total":20,"covered":0,"skipped":0,"pct":0},"functions":{"total":1,"covered":0,"skipped":0,"pct":0},"statements":{"total":20,"covered":0,"skipped":0,"pct":0},"branches":{"total":1,"covered":0,"skipped":0,"pct":0}}
,"C:\\Users\\dante\\OneDrive\\Escritorio\\MenYU\\apps\\web-cliente\\src\\pages\\pago\\PagoPendientePage.tsx": {"lines":{"total":21,"covered":0,"skipped":0,"pct":0},"functions":{"total":1,"covered":0,"skipped":0,"pct":0},"statements":{"total":21,"covered":0,"skipped":0,"pct":0},"branches":{"total":1,"covered":0,"skipped":0,"pct":0}}
,"C:\\Users\\dante\\OneDrive\\Escritorio\\MenYU\\apps\\web-cliente\\src\\pages\\pedidos\\MisPedidosPage.tsx": {"lines":{"total":232,"covered":0,"skipped":0,"pct":0},"functions":{"total":1,"covered":0,"skipped":0,"pct":0},"statements":{"total":232,"covered":0,"skipped":0,"pct":0},"branches":{"total":1,"covered":0,"skipped":0,"pct":0}}
,"C:\\Users\\dante\\OneDrive\\Escritorio\\MenYU\\apps\\web-cliente\\src\\services\\api.ts": {"lines":{"total":65,"covered":0,"skipped":0,"pct":0},"functions":{"total":1,"covered":1,"skipped":0,"pct":100},"statements":{"total":65,"covered":0,"skipped":0,"pct":0},"branches":{"total":1,"covered":1,"skipped":0,"pct":100}}
,"C:\\Users\\dante\\OneDrive\\Escritorio\\MenYU\\apps\\web-cliente\\src\\store\\carritoStore.ts": {"lines":{"total":50,"covered":46,"skipped":0,"pct":92},"functions":{"total":8,"covered":7,"skipped":0,"pct":87.5},"statements":{"total":50,"covered":46,"skipped":0,"pct":92},"branches":{"total":23,"covered":21,"skipped":0,"pct":91.3}}
,"C:\\Users\\dante\\OneDrive\\Escritorio\\MenYU\\apps\\web-cliente\\src\\store\\pagoStore.ts": {"lines":{"total":57,"covered":0,"skipped":0,"pct":0},"functions":{"total":1,"covered":0,"skipped":0,"pct":0},"statements":{"total":57,"covered":0,"skipped":0,"pct":0},"branches":{"total":1,"covered":0,"skipped":0,"pct":0}}
,"C:\\Users\\dante\\OneDrive\\Escritorio\\MenYU\\apps\\web-cliente\\src\\store\\publicMenuStore.ts": {"lines":{"total":29,"covered":0,"skipped":0,"pct":0},"functions":{"total":1,"covered":0,"skipped":0,"pct":0},"statements":{"total":29,"covered":0,"skipped":0,"pct":0},"branches":{"total":1,"covered":0,"skipped":0,"pct":0}}
,"C:\\Users\\dante\\OneDrive\\Escritorio\\MenYU\\apps\\web-cliente\\src\\store\\sessionStore.ts": {"lines":{"total":67,"covered":67,"skipped":0,"pct":100},"functions":{"total":3,"covered":3,"skipped":0,"pct":100},"statements":{"total":67,"covered":67,"skipped":0,"pct":100},"branches":{"total":10,"covered":7,"skipped":0,"pct":70}}
}
