{"total": {"lines":{"total":2120,"covered":298,"skipped":0,"pct":14.05},"statements":{"total":2392,"covered":339,"skipped":0,"pct":14.17},"functions":{"total":462,"covered":67,"skipped":0,"pct":14.5},"branches":{"total":878,"covered":147,"skipped":0,"pct":16.74},"branchesTrue":{"total":0,"covered":0,"skipped":0,"pct":100}}
,"C:\\Users\\dante\\OneDrive\\Escritorio\\MenYU\\apps\\backend\\src\\admin-restaurante\\admin-restaurante.controller.ts": {"lines":{"total":17,"covered":0,"skipped":0,"pct":0},"functions":{"total":5,"covered":0,"skipped":0,"pct":0},"statements":{"total":19,"covered":0,"skipped":0,"pct":0},"branches":{"total":0,"covered":0,"skipped":0,"pct":100}}
,"C:\\Users\\dante\\OneDrive\\Escritorio\\MenYU\\apps\\backend\\src\\admin-restaurante\\admin-restaurante.service.ts": {"lines":{"total":33,"covered":0,"skipped":0,"pct":0},"functions":{"total":6,"covered":0,"skipped":0,"pct":0},"statements":{"total":43,"covered":0,"skipped":0,"pct":0},"branches":{"total":28,"covered":0,"skipped":0,"pct":0}}
,"C:\\Users\\dante\\OneDrive\\Escritorio\\MenYU\\apps\\backend\\src\\admins\\admins.controller.ts": {"lines":{"total":19,"covered":0,"skipped":0,"pct":0},"functions":{"total":5,"covered":0,"skipped":0,"pct":0},"statements":{"total":21,"covered":0,"skipped":0,"pct":0},"branches":{"total":0,"covered":0,"skipped":0,"pct":100}}
,"C:\\Users\\dante\\OneDrive\\Escritorio\\MenYU\\apps\\backend\\src\\admins\\admins.service.ts": {"lines":{"total":42,"covered":0,"skipped":0,"pct":0},"functions":{"total":6,"covered":0,"skipped":0,"pct":0},"statements":{"total":53,"covered":0,"skipped":0,"pct":0},"branches":{"total":28,"covered":0,"skipped":0,"pct":0}}
,"C:\\Users\\dante\\OneDrive\\Escritorio\\MenYU\\apps\\backend\\src\\admins\\dto\\create-admin.dto.ts": {"lines":{"total":6,"covered":0,"skipped":0,"pct":0},"functions":{"total":0,"covered":0,"skipped":0,"pct":100},"statements":{"total":6,"covered":0,"skipped":0,"pct":0},"branches":{"total":0,"covered":0,"skipped":0,"pct":100}}
,"C:\\Users\\dante\\OneDrive\\Escritorio\\MenYU\\apps\\backend\\src\\admins\\dto\\update-admin.dto.ts": {"lines":{"total":5,"covered":0,"skipped":0,"pct":0},"functions":{"total":0,"covered":0,"skipped":0,"pct":100},"statements":{"total":5,"covered":0,"skipped":0,"pct":0},"branches":{"total":0,"covered":0,"skipped":0,"pct":100}}
,"C:\\Users\\dante\\OneDrive\\Escritorio\\MenYU\\apps\\backend\\src\\auth\\auth.controller.ts": {"lines":{"total":30,"covered":0,"skipped":0,"pct":0},"functions":{"total":11,"covered":0,"skipped":0,"pct":0},"statements":{"total":32,"covered":0,"skipped":0,"pct":0},"branches":{"total":0,"covered":0,"skipped":0,"pct":100}}
,"C:\\Users\\dante\\OneDrive\\Escritorio\\MenYU\\apps\\backend\\src\\auth\\auth.service.ts": {"lines":{"total":105,"covered":62,"skipped":0,"pct":59.04},"functions":{"total":15,"covered":10,"skipped":0,"pct":66.66},"statements":{"total":115,"covered":66,"skipped":0,"pct":57.39},"branches":{"total":53,"covered":29,"skipped":0,"pct":54.71}}
,"C:\\Users\\dante\\OneDrive\\Escritorio\\MenYU\\apps\\backend\\src\\auth\\decorators\\requires-rol.decorator.ts": {"lines":{"total":3,"covered":0,"skipped":0,"pct":0},"functions":{"total":1,"covered":0,"skipped":0,"pct":0},"statements":{"total":5,"covered":0,"skipped":0,"pct":0},"branches":{"total":0,"covered":0,"skipped":0,"pct":100}}
,"C:\\Users\\dante\\OneDrive\\Escritorio\\MenYU\\apps\\backend\\src\\auth\\decorators\\requires-tipo.decorator.ts": {"lines":{"total":3,"covered":0,"skipped":0,"pct":0},"functions":{"total":1,"covered":0,"skipped":0,"pct":0},"statements":{"total":5,"covered":0,"skipped":0,"pct":0},"branches":{"total":0,"covered":0,"skipped":0,"pct":100}}
,"C:\\Users\\dante\\OneDrive\\Escritorio\\MenYU\\apps\\backend\\src\\auth\\dto\\guest.dto.ts": {"lines":{"total":4,"covered":0,"skipped":0,"pct":0},"functions":{"total":0,"covered":0,"skipped":0,"pct":100},"statements":{"total":4,"covered":0,"skipped":0,"pct":0},"branches":{"total":0,"covered":0,"skipped":0,"pct":100}}
,"C:\\Users\\dante\\OneDrive\\Escritorio\\MenYU\\apps\\backend\\src\\auth\\dto\\login.dto.ts": {"lines":{"total":5,"covered":0,"skipped":0,"pct":0},"functions":{"total":0,"covered":0,"skipped":0,"pct":100},"statements":{"total":5,"covered":0,"skipped":0,"pct":0},"branches":{"total":0,"covered":0,"skipped":0,"pct":100}}
,"C:\\Users\\dante\\OneDrive\\Escritorio\\MenYU\\apps\\backend\\src\\auth\\dto\\refresh-token.dto.ts": {"lines":{"total":4,"covered":0,"skipped":0,"pct":0},"functions":{"total":0,"covered":0,"skipped":0,"pct":100},"statements":{"total":4,"covered":0,"skipped":0,"pct":0},"branches":{"total":0,"covered":0,"skipped":0,"pct":100}}
,"C:\\Users\\dante\\OneDrive\\Escritorio\\MenYU\\apps\\backend\\src\\auth\\dto\\register.dto.ts": {"lines":{"total":7,"covered":0,"skipped":0,"pct":0},"functions":{"total":0,"covered":0,"skipped":0,"pct":100},"statements":{"total":7,"covered":0,"skipped":0,"pct":0},"branches":{"total":0,"covered":0,"skipped":0,"pct":100}}
,"C:\\Users\\dante\\OneDrive\\Escritorio\\MenYU\\apps\\backend\\src\\auth\\guards\\jwt-auth.guard.ts": {"lines":{"total":3,"covered":0,"skipped":0,"pct":0},"functions":{"total":0,"covered":0,"skipped":0,"pct":100},"statements":{"total":5,"covered":0,"skipped":0,"pct":0},"branches":{"total":0,"covered":0,"skipped":0,"pct":100}}
,"C:\\Users\\dante\\OneDrive\\Escritorio\\MenYU\\apps\\backend\\src\\auth\\guards\\rol.guard.ts": {"lines":{"total":11,"covered":0,"skipped":0,"pct":0},"functions":{"total":2,"covered":0,"skipped":0,"pct":0},"statements":{"total":14,"covered":0,"skipped":0,"pct":0},"branches":{"total":4,"covered":0,"skipped":0,"pct":0}}
,"C:\\Users\\dante\\OneDrive\\Escritorio\\MenYU\\apps\\backend\\src\\auth\\guards\\tipo.guard.ts": {"lines":{"total":11,"covered":0,"skipped":0,"pct":0},"functions":{"total":2,"covered":0,"skipped":0,"pct":0},"statements":{"total":14,"covered":0,"skipped":0,"pct":0},"branches":{"total":4,"covered":0,"skipped":0,"pct":0}}
,"C:\\Users\\dante\\OneDrive\\Escritorio\\MenYU\\apps\\backend\\src\\auth\\strategies\\jwt.strategy.ts": {"lines":{"total":8,"covered":0,"skipped":0,"pct":0},"functions":{"total":2,"covered":0,"skipped":0,"pct":0},"statements":{"total":10,"covered":0,"skipped":0,"pct":0},"branches":{"total":4,"covered":0,"skipped":0,"pct":0}}
,"C:\\Users\\dante\\OneDrive\\Escritorio\\MenYU\\apps\\backend\\src\\categorias\\categorias.controller.ts": {"lines":{"total":21,"covered":0,"skipped":0,"pct":0},"functions":{"total":6,"covered":0,"skipped":0,"pct":0},"statements":{"total":23,"covered":0,"skipped":0,"pct":0},"branches":{"total":0,"covered":0,"skipped":0,"pct":100}}
,"C:\\Users\\dante\\OneDrive\\Escritorio\\MenYU\\apps\\backend\\src\\categorias\\categorias.service.ts": {"lines":{"total":37,"covered":0,"skipped":0,"pct":0},"functions":{"total":9,"covered":0,"skipped":0,"pct":0},"statements":{"total":43,"covered":0,"skipped":0,"pct":0},"branches":{"total":23,"covered":0,"skipped":0,"pct":0}}
,"C:\\Users\\dante\\OneDrive\\Escritorio\\MenYU\\apps\\backend\\src\\categorias\\dto\\create-categoria.dto.ts": {"lines":{"total":6,"covered":0,"skipped":0,"pct":0},"functions":{"total":0,"covered":0,"skipped":0,"pct":100},"statements":{"total":6,"covered":0,"skipped":0,"pct":0},"branches":{"total":0,"covered":0,"skipped":0,"pct":100}}
,"C:\\Users\\dante\\OneDrive\\Escritorio\\MenYU\\apps\\backend\\src\\categorias\\dto\\update-categoria.dto.ts": {"lines":{"total":5,"covered":0,"skipped":0,"pct":0},"functions":{"total":0,"covered":0,"skipped":0,"pct":100},"statements":{"total":5,"covered":0,"skipped":0,"pct":0},"branches":{"total":0,"covered":0,"skipped":0,"pct":100}}
,"C:\\Users\\dante\\OneDrive\\Escritorio\\MenYU\\apps\\backend\\src\\clasificaciones\\clasificaciones.controller.ts": {"lines":{"total":26,"covered":0,"skipped":0,"pct":0},"functions":{"total":7,"covered":0,"skipped":0,"pct":0},"statements":{"total":28,"covered":0,"skipped":0,"pct":0},"branches":{"total":0,"covered":0,"skipped":0,"pct":100}}
,"C:\\Users\\dante\\OneDrive\\Escritorio\\MenYU\\apps\\backend\\src\\clasificaciones\\clasificaciones.service.ts": {"lines":{"total":50,"covered":0,"skipped":0,"pct":0},"functions":{"total":9,"covered":0,"skipped":0,"pct":0},"statements":{"total":62,"covered":0,"skipped":0,"pct":0},"branches":{"total":31,"covered":0,"skipped":0,"pct":0}}
,"C:\\Users\\dante\\OneDrive\\Escritorio\\MenYU\\apps\\backend\\src\\common\\crypto.service.ts": {"lines":{"total":22,"covered":0,"skipped":0,"pct":0},"functions":{"total":3,"covered":0,"skipped":0,"pct":0},"statements":{"total":25,"covered":0,"skipped":0,"pct":0},"branches":{"total":2,"covered":0,"skipped":0,"pct":0}}
,"C:\\Users\\dante\\OneDrive\\Escritorio\\MenYU\\apps\\backend\\src\\common\\decorators\\current-user.decorator.ts": {"lines":{"total":3,"covered":0,"skipped":0,"pct":0},"functions":{"total":1,"covered":0,"skipped":0,"pct":0},"statements":{"total":3,"covered":0,"skipped":0,"pct":0},"branches":{"total":0,"covered":0,"skipped":0,"pct":100}}
,"C:\\Users\\dante\\OneDrive\\Escritorio\\MenYU\\apps\\backend\\src\\common\\decorators\\roles.decorator.ts": {"lines":{"total":3,"covered":0,"skipped":0,"pct":0},"functions":{"total":1,"covered":0,"skipped":0,"pct":0},"statements":{"total":5,"covered":0,"skipped":0,"pct":0},"branches":{"total":0,"covered":0,"skipped":0,"pct":100}}
,"C:\\Users\\dante\\OneDrive\\Escritorio\\MenYU\\apps\\backend\\src\\common\\guards\\roles.guard.ts": {"lines":{"total":9,"covered":0,"skipped":0,"pct":0},"functions":{"total":2,"covered":0,"skipped":0,"pct":0},"statements":{"total":12,"covered":0,"skipped":0,"pct":0},"branches":{"total":4,"covered":0,"skipped":0,"pct":0}}
,"C:\\Users\\dante\\OneDrive\\Escritorio\\MenYU\\apps\\backend\\src\\gateway\\menyu.gateway.ts": {"lines":{"total":24,"covered":7,"skipped":0,"pct":29.16},"functions":{"total":14,"covered":0,"skipped":0,"pct":0},"statements":{"total":26,"covered":9,"skipped":0,"pct":34.61},"branches":{"total":0,"covered":0,"skipped":0,"pct":100}}
,"C:\\Users\\dante\\OneDrive\\Escritorio\\MenYU\\apps\\backend\\src\\health\\health.controller.ts": {"lines":{"total":4,"covered":0,"skipped":0,"pct":0},"functions":{"total":1,"covered":0,"skipped":0,"pct":0},"statements":{"total":6,"covered":0,"skipped":0,"pct":0},"branches":{"total":0,"covered":0,"skipped":0,"pct":100}}
,"C:\\Users\\dante\\OneDrive\\Escritorio\\MenYU\\apps\\backend\\src\\ingredientes\\ingredientes.controller.ts": {"lines":{"total":21,"covered":0,"skipped":0,"pct":0},"functions":{"total":6,"covered":0,"skipped":0,"pct":0},"statements":{"total":23,"covered":0,"skipped":0,"pct":0},"branches":{"total":0,"covered":0,"skipped":0,"pct":100}}
,"C:\\Users\\dante\\OneDrive\\Escritorio\\MenYU\\apps\\backend\\src\\ingredientes\\ingredientes.service.ts": {"lines":{"total":40,"covered":0,"skipped":0,"pct":0},"functions":{"total":8,"covered":0,"skipped":0,"pct":0},"statements":{"total":47,"covered":0,"skipped":0,"pct":0},"branches":{"total":25,"covered":0,"skipped":0,"pct":0}}
,"C:\\Users\\dante\\OneDrive\\Escritorio\\MenYU\\apps\\backend\\src\\ingredientes\\dto\\create-ingrediente.dto.ts": {"lines":{"total":6,"covered":0,"skipped":0,"pct":0},"functions":{"total":0,"covered":0,"skipped":0,"pct":100},"statements":{"total":6,"covered":0,"skipped":0,"pct":0},"branches":{"total":0,"covered":0,"skipped":0,"pct":100}}
,"C:\\Users\\dante\\OneDrive\\Escritorio\\MenYU\\apps\\backend\\src\\ingredientes\\dto\\update-ingrediente.dto.ts": {"lines":{"total":5,"covered":0,"skipped":0,"pct":0},"functions":{"total":0,"covered":0,"skipped":0,"pct":100},"statements":{"total":5,"covered":0,"skipped":0,"pct":0},"branches":{"total":0,"covered":0,"skipped":0,"pct":100}}
,"C:\\Users\\dante\\OneDrive\\Escritorio\\MenYU\\apps\\backend\\src\\items\\items.controller.ts": {"lines":{"total":37,"covered":0,"skipped":0,"pct":0},"functions":{"total":11,"covered":0,"skipped":0,"pct":0},"statements":{"total":39,"covered":0,"skipped":0,"pct":0},"branches":{"total":4,"covered":0,"skipped":0,"pct":0}}
,"C:\\Users\\dante\\OneDrive\\Escritorio\\MenYU\\apps\\backend\\src\\items\\items.service.ts": {"lines":{"total":82,"covered":0,"skipped":0,"pct":0},"functions":{"total":16,"covered":0,"skipped":0,"pct":0},"statements":{"total":92,"covered":0,"skipped":0,"pct":0},"branches":{"total":41,"covered":0,"skipped":0,"pct":0}}
,"C:\\Users\\dante\\OneDrive\\Escritorio\\MenYU\\apps\\backend\\src\\items\\dto\\add-ingrediente.dto.ts": {"lines":{"total":16,"covered":0,"skipped":0,"pct":0},"functions":{"total":4,"covered":0,"skipped":0,"pct":0},"statements":{"total":16,"covered":0,"skipped":0,"pct":0},"branches":{"total":0,"covered":0,"skipped":0,"pct":100}}
,"C:\\Users\\dante\\OneDrive\\Escritorio\\MenYU\\apps\\backend\\src\\items\\dto\\create-item.dto.ts": {"lines":{"total":11,"covered":0,"skipped":0,"pct":0},"functions":{"total":0,"covered":0,"skipped":0,"pct":100},"statements":{"total":11,"covered":0,"skipped":0,"pct":0},"branches":{"total":0,"covered":0,"skipped":0,"pct":100}}
,"C:\\Users\\dante\\OneDrive\\Escritorio\\MenYU\\apps\\backend\\src\\items\\dto\\update-ingrediente-item.dto.ts": {"lines":{"total":15,"covered":0,"skipped":0,"pct":0},"functions":{"total":4,"covered":0,"skipped":0,"pct":0},"statements":{"total":15,"covered":0,"skipped":0,"pct":0},"branches":{"total":0,"covered":0,"skipped":0,"pct":100}}
,"C:\\Users\\dante\\OneDrive\\Escritorio\\MenYU\\apps\\backend\\src\\items\\dto\\update-item.dto.ts": {"lines":{"total":10,"covered":0,"skipped":0,"pct":0},"functions":{"total":0,"covered":0,"skipped":0,"pct":100},"statements":{"total":10,"covered":0,"skipped":0,"pct":0},"branches":{"total":0,"covered":0,"skipped":0,"pct":100}}
,"C:\\Users\\dante\\OneDrive\\Escritorio\\MenYU\\apps\\backend\\src\\marca\\marca.controller.ts": {"lines":{"total":21,"covered":0,"skipped":0,"pct":0},"functions":{"total":6,"covered":0,"skipped":0,"pct":0},"statements":{"total":23,"covered":0,"skipped":0,"pct":0},"branches":{"total":0,"covered":0,"skipped":0,"pct":100}}
,"C:\\Users\\dante\\OneDrive\\Escritorio\\MenYU\\apps\\backend\\src\\marca\\marca.service.ts": {"lines":{"total":44,"covered":34,"skipped":0,"pct":77.27},"functions":{"total":11,"covered":8,"skipped":0,"pct":72.72},"statements":{"total":55,"covered":41,"skipped":0,"pct":74.54},"branches":{"total":34,"covered":25,"skipped":0,"pct":73.52}}
,"C:\\Users\\dante\\OneDrive\\Escritorio\\MenYU\\apps\\backend\\src\\marca\\dto\\create-marca.dto.ts": {"lines":{"total":4,"covered":0,"skipped":0,"pct":0},"functions":{"total":0,"covered":0,"skipped":0,"pct":100},"statements":{"total":4,"covered":0,"skipped":0,"pct":0},"branches":{"total":0,"covered":0,"skipped":0,"pct":100}}
,"C:\\Users\\dante\\OneDrive\\Escritorio\\MenYU\\apps\\backend\\src\\marca\\dto\\update-marca.dto.ts": {"lines":{"total":3,"covered":0,"skipped":0,"pct":0},"functions":{"total":0,"covered":0,"skipped":0,"pct":100},"statements":{"total":3,"covered":0,"skipped":0,"pct":0},"branches":{"total":0,"covered":0,"skipped":0,"pct":100}}
,"C:\\Users\\dante\\OneDrive\\Escritorio\\MenYU\\apps\\backend\\src\\menu\\menu.controller.ts": {"lines":{"total":9,"covered":0,"skipped":0,"pct":0},"functions":{"total":3,"covered":0,"skipped":0,"pct":0},"statements":{"total":11,"covered":0,"skipped":0,"pct":0},"branches":{"total":10,"covered":0,"skipped":0,"pct":0}}
,"C:\\Users\\dante\\OneDrive\\Escritorio\\MenYU\\apps\\backend\\src\\menu\\menu.service.ts": {"lines":{"total":27,"covered":25,"skipped":0,"pct":92.59},"functions":{"total":13,"covered":12,"skipped":0,"pct":92.3},"statements":{"total":34,"covered":30,"skipped":0,"pct":88.23},"branches":{"total":18,"covered":15,"skipped":0,"pct":83.33}}
,"C:\\Users\\dante\\OneDrive\\Escritorio\\MenYU\\apps\\backend\\src\\mesas\\mesas.controller.ts": {"lines":{"total":28,"covered":0,"skipped":0,"pct":0},"functions":{"total":8,"covered":0,"skipped":0,"pct":0},"statements":{"total":30,"covered":0,"skipped":0,"pct":0},"branches":{"total":0,"covered":0,"skipped":0,"pct":100}}
,"C:\\Users\\dante\\OneDrive\\Escritorio\\MenYU\\apps\\backend\\src\\mesas\\mesas.service.ts": {"lines":{"total":70,"covered":57,"skipped":0,"pct":81.42},"functions":{"total":14,"covered":13,"skipped":0,"pct":92.85},"statements":{"total":81,"covered":66,"skipped":0,"pct":81.48},"branches":{"total":39,"covered":29,"skipped":0,"pct":74.35}}
,"C:\\Users\\dante\\OneDrive\\Escritorio\\MenYU\\apps\\backend\\src\\mesas\\dto\\cambiar-pin.dto.ts": {"lines":{"total":3,"covered":0,"skipped":0,"pct":0},"functions":{"total":0,"covered":0,"skipped":0,"pct":100},"statements":{"total":3,"covered":0,"skipped":0,"pct":0},"branches":{"total":0,"covered":0,"skipped":0,"pct":100}}
,"C:\\Users\\dante\\OneDrive\\Escritorio\\MenYU\\apps\\backend\\src\\mesas\\dto\\create-mesa.dto.ts": {"lines":{"total":5,"covered":0,"skipped":0,"pct":0},"functions":{"total":0,"covered":0,"skipped":0,"pct":100},"statements":{"total":5,"covered":0,"skipped":0,"pct":0},"branches":{"total":0,"covered":0,"skipped":0,"pct":100}}
,"C:\\Users\\dante\\OneDrive\\Escritorio\\MenYU\\apps\\backend\\src\\mesas\\dto\\update-mesa.dto.ts": {"lines":{"total":4,"covered":0,"skipped":0,"pct":0},"functions":{"total":0,"covered":0,"skipped":0,"pct":100},"statements":{"total":4,"covered":0,"skipped":0,"pct":0},"branches":{"total":0,"covered":0,"skipped":0,"pct":100}}
,"C:\\Users\\dante\\OneDrive\\Escritorio\\MenYU\\apps\\backend\\src\\mozos\\mozos.controller.ts": {"lines":{"total":29,"covered":0,"skipped":0,"pct":0},"functions":{"total":10,"covered":0,"skipped":0,"pct":0},"statements":{"total":31,"covered":0,"skipped":0,"pct":0},"branches":{"total":0,"covered":0,"skipped":0,"pct":100}}
,"C:\\Users\\dante\\OneDrive\\Escritorio\\MenYU\\apps\\backend\\src\\mozos\\mozos.service.ts": {"lines":{"total":67,"covered":0,"skipped":0,"pct":0},"functions":{"total":13,"covered":0,"skipped":0,"pct":0},"statements":{"total":76,"covered":0,"skipped":0,"pct":0},"branches":{"total":27,"covered":0,"skipped":0,"pct":0}}
,"C:\\Users\\dante\\OneDrive\\Escritorio\\MenYU\\apps\\backend\\src\\mozos\\dto\\create-mozo.dto.ts": {"lines":{"total":9,"covered":0,"skipped":0,"pct":0},"functions":{"total":0,"covered":0,"skipped":0,"pct":100},"statements":{"total":9,"covered":0,"skipped":0,"pct":0},"branches":{"total":0,"covered":0,"skipped":0,"pct":100}}
,"C:\\Users\\dante\\OneDrive\\Escritorio\\MenYU\\apps\\backend\\src\\mozos\\dto\\update-mozo.dto.ts": {"lines":{"total":9,"covered":0,"skipped":0,"pct":0},"functions":{"total":0,"covered":0,"skipped":0,"pct":100},"statements":{"total":9,"covered":0,"skipped":0,"pct":0},"branches":{"total":0,"covered":0,"skipped":0,"pct":100}}
,"C:\\Users\\dante\\OneDrive\\Escritorio\\MenYU\\apps\\backend\\src\\orders\\orders.controller.ts": {"lines":{"total":10,"covered":0,"skipped":0,"pct":0},"functions":{"total":3,"covered":0,"skipped":0,"pct":0},"statements":{"total":12,"covered":0,"skipped":0,"pct":0},"branches":{"total":0,"covered":0,"skipped":0,"pct":100}}
,"C:\\Users\\dante\\OneDrive\\Escritorio\\MenYU\\apps\\backend\\src\\orders\\orders.service.ts": {"lines":{"total":45,"covered":44,"skipped":0,"pct":97.77},"functions":{"total":9,"covered":9,"skipped":0,"pct":100},"statements":{"total":51,"covered":50,"skipped":0,"pct":98.03},"branches":{"total":20,"covered":20,"skipped":0,"pct":100}}
,"C:\\Users\\dante\\OneDrive\\Escritorio\\MenYU\\apps\\backend\\src\\orders\\dto\\create-order.dto.ts": {"lines":{"total":15,"covered":0,"skipped":0,"pct":0},"functions":{"total":2,"covered":0,"skipped":0,"pct":0},"statements":{"total":15,"covered":0,"skipped":0,"pct":0},"branches":{"total":0,"covered":0,"skipped":0,"pct":100}}
,"C:\\Users\\dante\\OneDrive\\Escritorio\\MenYU\\apps\\backend\\src\\payments\\payments.controller.ts": {"lines":{"total":22,"covered":0,"skipped":0,"pct":0},"functions":{"total":9,"covered":0,"skipped":0,"pct":0},"statements":{"total":24,"covered":0,"skipped":0,"pct":0},"branches":{"total":0,"covered":0,"skipped":0,"pct":100}}
,"C:\\Users\\dante\\OneDrive\\Escritorio\\MenYU\\apps\\backend\\src\\payments\\payments.service.ts": {"lines":{"total":110,"covered":0,"skipped":0,"pct":0},"functions":{"total":21,"covered":0,"skipped":0,"pct":0},"statements":{"total":117,"covered":0,"skipped":0,"pct":0},"branches":{"total":55,"covered":0,"skipped":0,"pct":0}}
,"C:\\Users\\dante\\OneDrive\\Escritorio\\MenYU\\apps\\backend\\src\\payments\\dto\\initiate-payment.dto.ts": {"lines":{"total":8,"covered":0,"skipped":0,"pct":0},"functions":{"total":0,"covered":0,"skipped":0,"pct":100},"statements":{"total":8,"covered":0,"skipped":0,"pct":0},"branches":{"total":0,"covered":0,"skipped":0,"pct":100}}
,"C:\\Users\\dante\\OneDrive\\Escritorio\\MenYU\\apps\\backend\\src\\payments\\providers\\mercadopago.provider.ts": {"lines":{"total":37,"covered":0,"skipped":0,"pct":0},"functions":{"total":6,"covered":0,"skipped":0,"pct":0},"statements":{"total":39,"covered":0,"skipped":0,"pct":0},"branches":{"total":53,"covered":0,"skipped":0,"pct":0}}
,"C:\\Users\\dante\\OneDrive\\Escritorio\\MenYU\\apps\\backend\\src\\pedidos\\pedidos.controller.ts": {"lines":{"total":26,"covered":0,"skipped":0,"pct":0},"functions":{"total":8,"covered":0,"skipped":0,"pct":0},"statements":{"total":28,"covered":0,"skipped":0,"pct":0},"branches":{"total":0,"covered":0,"skipped":0,"pct":100}}
,"C:\\Users\\dante\\OneDrive\\Escritorio\\MenYU\\apps\\backend\\src\\pedidos\\pedidos.service.ts": {"lines":{"total":170,"covered":0,"skipped":0,"pct":0},"functions":{"total":28,"covered":0,"skipped":0,"pct":0},"statements":{"total":197,"covered":0,"skipped":0,"pct":0},"branches":{"total":134,"covered":0,"skipped":0,"pct":0}}
,"C:\\Users\\dante\\OneDrive\\Escritorio\\MenYU\\apps\\backend\\src\\pedidos\\dto\\create-pedido.dto.ts": {"lines":{"total":17,"covered":0,"skipped":0,"pct":0},"functions":{"total":2,"covered":0,"skipped":0,"pct":0},"statements":{"total":17,"covered":0,"skipped":0,"pct":0},"branches":{"total":0,"covered":0,"skipped":0,"pct":100}}
,"C:\\Users\\dante\\OneDrive\\Escritorio\\MenYU\\apps\\backend\\src\\pedidos\\dto\\edit-pedido.dto.ts": {"lines":{"total":8,"covered":0,"skipped":0,"pct":0},"functions":{"total":1,"covered":0,"skipped":0,"pct":0},"statements":{"total":8,"covered":0,"skipped":0,"pct":0},"branches":{"total":0,"covered":0,"skipped":0,"pct":100}}
,"C:\\Users\\dante\\OneDrive\\Escritorio\\MenYU\\apps\\backend\\src\\pedidos\\dto\\update-estado-pedido.dto.ts": {"lines":{"total":3,"covered":0,"skipped":0,"pct":0},"functions":{"total":0,"covered":0,"skipped":0,"pct":100},"statements":{"total":3,"covered":0,"skipped":0,"pct":0},"branches":{"total":0,"covered":0,"skipped":0,"pct":100}}
,"C:\\Users\\dante\\OneDrive\\Escritorio\\MenYU\\apps\\backend\\src\\prisma\\prisma.service.ts": {"lines":{"total":10,"covered":5,"skipped":0,"pct":50},"functions":{"total":3,"covered":0,"skipped":0,"pct":0},"statements":{"total":12,"covered":7,"skipped":0,"pct":58.33},"branches":{"total":2,"covered":0,"skipped":0,"pct":0}}
,"C:\\Users\\dante\\OneDrive\\Escritorio\\MenYU\\apps\\backend\\src\\reportes\\reportes.controller.ts": {"lines":{"total":16,"covered":0,"skipped":0,"pct":0},"functions":{"total":5,"covered":0,"skipped":0,"pct":0},"statements":{"total":18,"covered":0,"skipped":0,"pct":0},"branches":{"total":0,"covered":0,"skipped":0,"pct":100}}
,"C:\\Users\\dante\\OneDrive\\Escritorio\\MenYU\\apps\\backend\\src\\reportes\\reportes.service.ts": {"lines":{"total":28,"covered":0,"skipped":0,"pct":0},"functions":{"total":11,"covered":0,"skipped":0,"pct":0},"statements":{"total":35,"covered":0,"skipped":0,"pct":0},"branches":{"total":6,"covered":0,"skipped":0,"pct":0}}
,"C:\\Users\\dante\\OneDrive\\Escritorio\\MenYU\\apps\\backend\\src\\restaurante\\restaurante.controller.ts": {"lines":{"total":21,"covered":0,"skipped":0,"pct":0},"functions":{"total":6,"covered":0,"skipped":0,"pct":0},"statements":{"total":23,"covered":0,"skipped":0,"pct":0},"branches":{"total":0,"covered":0,"skipped":0,"pct":100}}
,"C:\\Users\\dante\\OneDrive\\Escritorio\\MenYU\\apps\\backend\\src\\restaurante\\restaurante.service.ts": {"lines":{"total":53,"covered":0,"skipped":0,"pct":0},"functions":{"total":11,"covered":0,"skipped":0,"pct":0},"statements":{"total":61,"covered":0,"skipped":0,"pct":0},"branches":{"total":45,"covered":0,"skipped":0,"pct":0}}
,"C:\\Users\\dante\\OneDrive\\Escritorio\\MenYU\\apps\\backend\\src\\restaurante\\dto\\create-restaurante.dto.ts": {"lines":{"total":5,"covered":0,"skipped":0,"pct":0},"functions":{"total":0,"covered":0,"skipped":0,"pct":100},"statements":{"total":5,"covered":0,"skipped":0,"pct":0},"branches":{"total":0,"covered":0,"skipped":0,"pct":100}}
,"C:\\Users\\dante\\OneDrive\\Escritorio\\MenYU\\apps\\backend\\src\\restaurante\\dto\\update-restaurante.dto.ts": {"lines":{"total":5,"covered":0,"skipped":0,"pct":0},"functions":{"total":0,"covered":0,"skipped":0,"pct":100},"statements":{"total":5,"covered":0,"skipped":0,"pct":0},"branches":{"total":0,"covered":0,"skipped":0,"pct":100}}
,"C:\\Users\\dante\\OneDrive\\Escritorio\\MenYU\\apps\\backend\\src\\sessions\\sessions.controller.ts": {"lines":{"total":29,"covered":0,"skipped":0,"pct":0},"functions":{"total":10,"covered":0,"skipped":0,"pct":0},"statements":{"total":31,"covered":0,"skipped":0,"pct":0},"branches":{"total":0,"covered":0,"skipped":0,"pct":100}}
,"C:\\Users\\dante\\OneDrive\\Escritorio\\MenYU\\apps\\backend\\src\\sessions\\sessions.e2e-spec.ts": {"lines":{"total":113,"covered":0,"skipped":0,"pct":0},"functions":{"total":22,"covered":0,"skipped":0,"pct":0},"statements":{"total":114,"covered":0,"skipped":0,"pct":0},"branches":{"total":25,"covered":0,"skipped":0,"pct":0}}
,"C:\\Users\\dante\\OneDrive\\Escritorio\\MenYU\\apps\\backend\\src\\sessions\\sessions.service.ts": {"lines":{"total":173,"covered":51,"skipped":0,"pct":29.47},"functions":{"total":43,"covered":5,"skipped":0,"pct":11.62},"statements":{"total":202,"covered":55,"skipped":0,"pct":27.22},"branches":{"total":127,"covered":29,"skipped":0,"pct":22.83}}
,"C:\\Users\\dante\\OneDrive\\Escritorio\\MenYU\\apps\\backend\\src\\sessions\\dto\\open-session.dto.ts": {"lines":{"total":6,"covered":0,"skipped":0,"pct":0},"functions":{"total":0,"covered":0,"skipped":0,"pct":100},"statements":{"total":6,"covered":0,"skipped":0,"pct":0},"branches":{"total":0,"covered":0,"skipped":0,"pct":100}}
,"C:\\Users\\dante\\OneDrive\\Escritorio\\MenYU\\apps\\backend\\src\\sessions\\dto\\open-staff-session.dto.ts": {"lines":{"total":3,"covered":0,"skipped":0,"pct":0},"functions":{"total":0,"covered":0,"skipped":0,"pct":100},"statements":{"total":3,"covered":0,"skipped":0,"pct":0},"branches":{"total":0,"covered":0,"skipped":0,"pct":100}}
,"C:\\Users\\dante\\OneDrive\\Escritorio\\MenYU\\apps\\backend\\src\\storage\\storage.service.ts": {"lines":{"total":13,"covered":0,"skipped":0,"pct":0},"functions":{"total":4,"covered":0,"skipped":0,"pct":0},"statements":{"total":17,"covered":0,"skipped":0,"pct":0},"branches":{"total":6,"covered":0,"skipped":0,"pct":0}}
,"C:\\Users\\dante\\OneDrive\\Escritorio\\MenYU\\apps\\backend\\src\\users\\users.service.ts": {"lines":{"total":13,"covered":13,"skipped":0,"pct":100},"functions":{"total":10,"covered":10,"skipped":0,"pct":100},"statements":{"total":15,"covered":15,"skipped":0,"pct":100},"branches":{"total":0,"covered":0,"skipped":0,"pct":100}}
,"C:\\Users\\dante\\OneDrive\\Escritorio\\MenYU\\apps\\backend\\src\\waiter-calls\\waiter-calls.controller.ts": {"lines":{"total":13,"covered":0,"skipped":0,"pct":0},"functions":{"total":4,"covered":0,"skipped":0,"pct":0},"statements":{"total":15,"covered":0,"skipped":0,"pct":0},"branches":{"total":0,"covered":0,"skipped":0,"pct":100}}
,"C:\\Users\\dante\\OneDrive\\Escritorio\\MenYU\\apps\\backend\\src\\waiter-calls\\waiter-calls.service.ts": {"lines":{"total":43,"covered":0,"skipped":0,"pct":0},"functions":{"total":8,"covered":0,"skipped":0,"pct":0},"statements":{"total":54,"covered":0,"skipped":0,"pct":0},"branches":{"total":26,"covered":0,"skipped":0,"pct":0}}
,"C:\\Users\\dante\\OneDrive\\Escritorio\\MenYU\\apps\\backend\\src\\waiter-calls\\dto\\create-waiter-call.dto.ts": {"lines":{"total":4,"covered":0,"skipped":0,"pct":0},"functions":{"total":0,"covered":0,"skipped":0,"pct":100},"statements":{"total":4,"covered":0,"skipped":0,"pct":0},"branches":{"total":0,"covered":0,"skipped":0,"pct":100}}
}
