TN:
SF:src\admin-restaurante\admin-restaurante.controller.ts
FN:27,(anonymous_4)
FN:34,(anonymous_5)
FN:45,(anonymous_6)
FN:56,(anonymous_7)
FN:63,(anonymous_8)
FNF:5
FNH:0
FNDA:0,(anonymous_4)
FNDA:0,(anonymous_5)
FNDA:0,(anonymous_6)
FNDA:0,(anonymous_7)
FNDA:0,(anonymous_8)
DA:1,0
DA:13,0
DA:14,0
DA:15,0
DA:16,0
DA:17,0
DA:19,0
DA:26,0
DA:27,0
DA:34,0
DA:38,0
DA:45,0
DA:50,0
DA:56,0
DA:57,0
DA:63,0
DA:64,0
LF:17
LH:0
BRF:0
BRH:0
end_of_record
TN:
SF:src\admin-restaurante\admin-restaurante.service.ts
FN:12,(anonymous_2)
FN:14,(anonymous_3)
FN:32,(anonymous_4)
FN:45,(anonymous_5)
FN:54,(anonymous_6)
FN:72,(anonymous_7)
FNF:6
FNH:0
FNDA:0,(anonymous_2)
FNDA:0,(anonymous_3)
FNDA:0,(anonymous_4)
FNDA:0,(anonymous_5)
FNDA:0,(anonymous_6)
FNDA:0,(anonymous_7)
DA:1,0
DA:7,0
DA:11,0
DA:12,0
DA:15,0
DA:17,0
DA:18,0
DA:19,0
DA:21,0
DA:22,0
DA:24,0
DA:27,0
DA:29,0
DA:33,0
DA:35,0
DA:38,0
DA:40,0
DA:46,0
DA:48,0
DA:55,0
DA:56,0
DA:57,0
DA:60,0
DA:69,0
DA:73,0
DA:75,0
DA:76,0
DA:78,0
DA:79,0
DA:80,0
DA:81,0
DA:83,0
DA:86,0
LF:33
LH:0
BRDA:18,0,0,0
BRDA:18,0,1,0
BRDA:19,1,0,0
BRDA:19,1,1,0
BRDA:22,2,0,0
BRDA:22,2,1,0
BRDA:22,3,0,0
BRDA:22,3,1,0
BRDA:27,4,0,0
BRDA:27,4,1,0
BRDA:38,5,0,0
BRDA:38,5,1,0
BRDA:55,6,0,0
BRDA:55,6,1,0
BRDA:57,7,0,0
BRDA:57,7,1,0
BRDA:57,8,0,0
BRDA:57,8,1,0
BRDA:73,9,0,0
BRDA:73,9,1,0
BRDA:76,10,0,0
BRDA:76,10,1,0
BRDA:78,11,0,0
BRDA:78,11,1,0
BRDA:80,12,0,0
BRDA:80,12,1,0
BRDA:80,13,0,0
BRDA:80,13,1,0
BRF:28
BRH:0
end_of_record
TN:
SF:src\admins\admins.controller.ts
FN:18,(anonymous_4)
FN:25,(anonymous_5)
FN:32,(anonymous_6)
FN:42,(anonymous_7)
FN:57,(anonymous_8)
FNF:5
FNH:0
FNDA:0,(anonymous_4)
FNDA:0,(anonymous_5)
FNDA:0,(anonymous_6)
FNDA:0,(anonymous_7)
FNDA:0,(anonymous_8)
DA:1,0
DA:2,0
DA:3,0
DA:4,0
DA:5,0
DA:6,0
DA:8,0
DA:9,0
DA:10,0
DA:17,0
DA:18,0
DA:25,0
DA:26,0
DA:32,0
DA:33,0
DA:42,0
DA:47,0
DA:57,0
DA:58,0
LF:19
LH:0
BRF:0
BRH:0
end_of_record
TN:
SF:src\admins\admins.service.ts
FN:17,(anonymous_2)
FN:19,(anonymous_3)
FN:44,(anonymous_4)
FN:60,(anonymous_5)
FN:78,(anonymous_6)
FN:90,(anonymous_7)
FNF:6
FNH:0
FNDA:0,(anonymous_2)
FNDA:0,(anonymous_3)
FNDA:0,(anonymous_4)
FNDA:0,(anonymous_5)
FNDA:0,(anonymous_6)
FNDA:0,(anonymous_7)
DA:1,0
DA:7,0
DA:8,0
DA:13,0
DA:16,0
DA:17,0
DA:20,0
DA:22,0
DA:24,0
DA:27,0
DA:30,0
DA:31,0
DA:33,0
DA:34,0
DA:36,0
DA:40,0
DA:41,0
DA:45,0
DA:46,0
DA:52,0
DA:53,0
DA:61,0
DA:62,0
DA:64,0
DA:65,0
DA:66,0
DA:69,0
DA:70,0
DA:71,0
DA:73,0
DA:74,0
DA:75,0
DA:79,0
DA:80,0
DA:82,0
DA:83,0
DA:84,0
DA:87,0
DA:91,0
DA:93,0
DA:94,0
DA:95,0
LF:42
LH:0
BRDA:22,0,0,0
BRDA:22,0,1,0
BRDA:24,1,0,0
BRDA:24,1,1,0
BRDA:31,2,0,0
BRDA:31,2,1,0
BRDA:45,3,0,0
BRDA:45,3,1,0
BRDA:62,4,0,0
BRDA:62,4,1,0
BRDA:64,5,0,0
BRDA:64,5,1,0
BRDA:66,6,0,0
BRDA:66,6,1,0
BRDA:70,7,0,0
BRDA:70,7,1,0
BRDA:71,8,0,0
BRDA:71,8,1,0
BRDA:80,9,0,0
BRDA:80,9,1,0
BRDA:82,10,0,0
BRDA:82,10,1,0
BRDA:84,11,0,0
BRDA:84,11,1,0
BRDA:91,12,0,0
BRDA:91,12,1,0
BRDA:94,13,0,0
BRDA:94,13,1,0
BRF:28
BRH:0
end_of_record
TN:
SF:src\admins\dto\create-admin.dto.ts
FNF:0
FNH:0
DA:1,0
DA:2,0
DA:4,0
DA:7,0
DA:12,0
DA:17,0
LF:6
LH:0
BRF:0
BRH:0
end_of_record
TN:
SF:src\admins\dto\update-admin.dto.ts
FNF:0
FNH:0
DA:1,0
DA:2,0
DA:4,0
DA:8,0
DA:14,0
LF:5
LH:0
BRF:0
BRH:0
end_of_record
TN:
SF:src\auth\auth.controller.ts
FN:21,(anonymous_4)
FN:29,(anonymous_5)
FN:38,(anonymous_6)
FN:47,(anonymous_7)
FN:57,(anonymous_8)
FN:66,(anonymous_9)
FN:76,(anonymous_10)
FN:86,(anonymous_11)
FN:106,(anonymous_12)
FN:128,(anonymous_13)
FN:138,(anonymous_14)
FNF:11
FNH:0
FNDA:0,(anonymous_4)
FNDA:0,(anonymous_5)
FNDA:0,(anonymous_6)
FNDA:0,(anonymous_7)
FNDA:0,(anonymous_8)
FNDA:0,(anonymous_9)
FNDA:0,(anonymous_10)
FNDA:0,(anonymous_11)
FNDA:0,(anonymous_12)
FNDA:0,(anonymous_13)
FNDA:0,(anonymous_14)
DA:1,0
DA:3,0
DA:4,0
DA:5,0
DA:6,0
DA:7,0
DA:8,0
DA:9,0
DA:20,0
DA:21,0
DA:29,0
DA:30,0
DA:38,0
DA:39,0
DA:47,0
DA:48,0
DA:57,0
DA:58,0
DA:66,0
DA:67,0
DA:76,0
DA:77,0
DA:86,0
DA:87,0
DA:106,0
DA:109,0
DA:128,0
DA:131,0
DA:138,0
DA:139,0
LF:30
LH:0
BRF:0
BRH:0
end_of_record
TN:
SF:src\auth\auth.service.ts
FN:37,(anonymous_2)
FN:45,(anonymous_3)
FN:70,(anonymous_4)
FN:89,(anonymous_5)
FN:97,(anonymous_6)
FN:137,(anonymous_7)
FN:147,(anonymous_8)
FN:195,(anonymous_9)
FN:209,(anonymous_10)
FN:216,(anonymous_11)
FN:225,(anonymous_12)
FN:234,(anonymous_13)
FN:260,(anonymous_14)
FN:264,(anonymous_15)
FN:274,(anonymous_16)
FNF:15
FNH:10
FNDA:17,(anonymous_2)
FNDA:6,(anonymous_3)
FNDA:2,(anonymous_4)
FNDA:3,(anonymous_5)
FNDA:5,(anonymous_6)
FNDA:1,(anonymous_7)
FNDA:0,(anonymous_8)
FNDA:0,(anonymous_9)
FNDA:0,(anonymous_10)
FNDA:0,(anonymous_11)
FNDA:0,(anonymous_12)
FNDA:8,(anonymous_13)
FNDA:14,(anonymous_14)
FNDA:6,(anonymous_15)
FNDA:2,(anonymous_16)
DA:1,1
DA:6,1
DA:7,1
DA:8,1
DA:9,1
DA:10,1
DA:31,1
DA:32,1
DA:33,1
DA:36,1
DA:38,17
DA:39,17
DA:40,17
DA:46,6
DA:48,6
DA:49,1
DA:52,5
DA:53,5
DA:54,2
DA:57,3
DA:60,3
DA:61,0
DA:62,0
DA:63,0
DA:65,3
DA:76,2
DA:77,2
DA:78,1
DA:81,1
DA:82,1
DA:84,1
DA:90,3
DA:91,3
DA:92,3
DA:98,5
DA:100,5
DA:102,5
DA:103,3
DA:106,2
DA:111,2
DA:112,2
DA:113,1
DA:118,1
DA:119,0
DA:120,0
DA:121,0
DA:123,1
DA:138,1
DA:139,1
DA:148,0
DA:149,0
DA:150,0
DA:155,0
DA:156,0
DA:157,0
DA:162,0
DA:163,0
DA:164,0
DA:165,0
DA:166,0
DA:174,0
DA:175,0
DA:176,0
DA:177,0
DA:178,0
DA:186,0
DA:196,0
DA:197,0
DA:198,0
DA:199,0
DA:200,0
DA:203,0
DA:204,0
DA:205,0
DA:206,0
DA:210,0
DA:211,0
DA:212,0
DA:213,0
DA:217,0
DA:218,0
DA:219,0
DA:220,0
DA:226,0
DA:230,0
DA:231,0
DA:244,8
DA:246,8
DA:248,8
DA:249,8
DA:250,8
DA:251,8
DA:253,8
DA:257,8
DA:261,14
DA:265,6
DA:266,6
DA:267,2
DA:268,2
DA:269,1
DA:270,1
DA:271,1
DA:275,2
DA:276,2
DA:277,2
LF:105
LH:62
BRDA:48,0,0,1
BRDA:48,0,1,5
BRDA:48,1,0,6
BRDA:48,1,1,5
BRDA:53,2,0,2
BRDA:53,2,1,3
BRDA:60,3,0,0
BRDA:60,3,1,3
BRDA:60,4,0,3
BRDA:60,4,1,1
BRDA:77,5,0,1
BRDA:77,5,1,1
BRDA:90,6,0,3
BRDA:90,6,1,1
BRDA:102,7,0,3
BRDA:102,7,1,2
BRDA:102,8,0,5
BRDA:102,8,1,4
BRDA:102,8,2,3
BRDA:112,9,0,1
BRDA:112,9,1,1
BRDA:118,10,0,0
BRDA:118,10,1,1
BRDA:118,11,0,1
BRDA:118,11,1,0
BRDA:149,12,0,0
BRDA:149,12,1,0
BRDA:156,13,0,0
BRDA:156,13,1,0
BRDA:164,14,0,0
BRDA:164,14,1,0
BRDA:176,15,0,0
BRDA:176,15,1,0
BRDA:198,16,0,0
BRDA:198,16,1,0
BRDA:211,17,0,0
BRDA:211,17,1,0
BRDA:218,18,0,0
BRDA:218,18,1,0
BRDA:230,19,0,0
BRDA:230,19,1,0
BRDA:231,20,0,0
BRDA:231,20,1,0
BRDA:266,21,0,4
BRDA:266,21,1,2
BRDA:268,22,0,1
BRDA:268,22,1,1
BRDA:270,23,0,0
BRDA:270,23,1,1
BRDA:275,24,0,0
BRDA:275,24,1,2
BRDA:276,25,0,0
BRDA:276,25,1,2
BRF:53
BRH:29
end_of_record
TN:
SF:src\auth\decorators\requires-rol.decorator.ts
FN:4,(anonymous_0)
FNF:1
FNH:0
FNDA:0,(anonymous_0)
DA:1,0
DA:3,0
DA:4,0
LF:3
LH:0
BRF:0
BRH:0
end_of_record
TN:
SF:src\auth\decorators\requires-tipo.decorator.ts
FN:5,(anonymous_0)
FNF:1
FNH:0
FNDA:0,(anonymous_0)
DA:1,0
DA:4,0
DA:5,0
LF:3
LH:0
BRF:0
BRH:0
end_of_record
TN:
SF:src\auth\dto\guest.dto.ts
FNF:0
FNH:0
DA:1,0
DA:2,0
DA:4,0
DA:8,0
LF:4
LH:0
BRF:0
BRH:0
end_of_record
TN:
SF:src\auth\dto\login.dto.ts
FNF:0
FNH:0
DA:1,0
DA:2,0
DA:4,0
DA:7,0
DA:11,0
LF:5
LH:0
BRF:0
BRH:0
end_of_record
TN:
SF:src\auth\dto\refresh-token.dto.ts
FNF:0
FNH:0
DA:1,0
DA:2,0
DA:4,0
DA:7,0
LF:4
LH:0
BRF:0
BRH:0
end_of_record
TN:
SF:src\auth\dto\register.dto.ts
FNF:0
FNH:0
DA:1,0
DA:2,0
DA:4,0
DA:7,0
DA:11,0
DA:16,0
DA:21,0
LF:7
LH:0
BRF:0
BRH:0
end_of_record
TN:
SF:src\auth\guards\jwt-auth.guard.ts
FNF:0
FNH:0
DA:1,0
DA:2,0
DA:5,0
LF:3
LH:0
BRF:0
BRH:0
end_of_record
TN:
SF:src\auth\guards\rol.guard.ts
FN:7,(anonymous_2)
FN:9,(anonymous_3)
FNF:2
FNH:0
FNDA:0,(anonymous_2)
FNDA:0,(anonymous_3)
DA:1,0
DA:2,0
DA:3,0
DA:6,0
DA:7,0
DA:10,0
DA:15,0
DA:17,0
DA:19,0
DA:20,0
DA:23,0
LF:11
LH:0
BRDA:15,0,0,0
BRDA:15,0,1,0
BRDA:19,1,0,0
BRDA:19,1,1,0
BRF:4
BRH:0
end_of_record
TN:
SF:src\auth\guards\tipo.guard.ts
FN:8,(anonymous_2)
FN:10,(anonymous_3)
FNF:2
FNH:0
FNDA:0,(anonymous_2)
FNDA:0,(anonymous_3)
DA:1,0
DA:2,0
DA:4,0
DA:7,0
DA:8,0
DA:11,0
DA:16,0
DA:18,0
DA:20,0
DA:21,0
DA:24,0
LF:11
LH:0
BRDA:16,0,0,0
BRDA:16,0,1,0
BRDA:20,1,0,0
BRDA:20,1,1,0
BRF:4
BRH:0
end_of_record
TN:
SF:src\auth\strategies\jwt.strategy.ts
FN:8,(anonymous_2)
FN:16,(anonymous_3)
FNF:2
FNH:0
FNDA:0,(anonymous_2)
FNDA:0,(anonymous_3)
DA:1,0
DA:2,0
DA:3,0
DA:7,0
DA:9,0
DA:17,0
DA:18,0
DA:20,0
LF:8
LH:0
BRDA:17,0,0,0
BRDA:17,0,1,0
BRDA:17,1,0,0
BRDA:17,1,1,0
BRF:4
BRH:0
end_of_record
TN:
SF:src\categorias\categorias.controller.ts
FN:30,(anonymous_4)
FN:40,(anonymous_5)
FN:48,(anonymous_6)
FN:56,(anonymous_7)
FN:64,(anonymous_8)
FN:78,(anonymous_9)
FNF:6
FNH:0
FNDA:0,(anonymous_4)
FNDA:0,(anonymous_5)
FNDA:0,(anonymous_6)
FNDA:0,(anonymous_7)
FNDA:0,(anonymous_8)
FNDA:0,(anonymous_9)
DA:1,0
DA:14,0
DA:15,0
DA:16,0
DA:17,0
DA:18,0
DA:20,0
DA:21,0
DA:22,0
DA:29,0
DA:30,0
DA:40,0
DA:41,0
DA:48,0
DA:49,0
DA:56,0
DA:57,0
DA:64,0
DA:69,0
DA:78,0
DA:79,0
LF:21
LH:0
BRF:0
BRH:0
end_of_record
TN:
SF:src\categorias\categorias.service.ts
FN:14,(anonymous_2)
FN:16,(anonymous_3)
FN:22,(anonymous_4)
FN:30,(anonymous_5)
FN:36,(anonymous_6)
FN:47,(anonymous_7)
FN:55,(anonymous_8)
FN:61,(anonymous_9)
FN:72,(anonymous_10)
FNF:9
FNH:0
FNDA:0,(anonymous_2)
FNDA:0,(anonymous_3)
FNDA:0,(anonymous_4)
FNDA:0,(anonymous_5)
FNDA:0,(anonymous_6)
FNDA:0,(anonymous_7)
FNDA:0,(anonymous_8)
FNDA:0,(anonymous_9)
FNDA:0,(anonymous_10)
DA:1,0
DA:7,0
DA:13,0
DA:14,0
DA:17,0
DA:18,0
DA:19,0
DA:23,0
DA:24,0
DA:31,0
DA:32,0
DA:33,0
DA:37,0
DA:38,0
DA:40,0
DA:41,0
DA:44,0
DA:48,0
DA:49,0
DA:50,0
DA:56,0
DA:57,0
DA:58,0
DA:62,0
DA:69,0
DA:73,0
DA:74,0
DA:75,0
DA:76,0
DA:77,0
DA:78,0
DA:80,0
DA:82,0
DA:83,0
DA:86,0
DA:87,0
DA:89,0
LF:37
LH:0
BRDA:40,0,0,0
BRDA:40,0,1,0
BRDA:40,1,0,0
BRDA:40,1,1,0
BRDA:57,2,0,0
BRDA:57,2,1,0
BRDA:66,3,0,0
BRDA:66,3,1,0
BRDA:69,4,0,0
BRDA:69,4,1,0
BRDA:73,5,0,0
BRDA:73,5,1,0
BRDA:74,6,0,0
BRDA:74,6,1,0
BRDA:77,7,0,0
BRDA:77,7,1,0
BRDA:77,8,0,0
BRDA:77,8,1,0
BRDA:77,8,2,0
BRDA:82,9,0,0
BRDA:82,9,1,0
BRDA:86,10,0,0
BRDA:86,10,1,0
BRF:23
BRH:0
end_of_record
TN:
SF:src\categorias\dto\create-categoria.dto.ts
FNF:0
FNH:0
DA:1,0
DA:2,0
DA:4,0
DA:8,0
DA:12,0
DA:18,0
LF:6
LH:0
BRF:0
BRH:0
end_of_record
TN:
SF:src\categorias\dto\update-categoria.dto.ts
FNF:0
FNH:0
DA:1,0
DA:2,0
DA:4,0
DA:9,0
DA:15,0
LF:5
LH:0
BRF:0
BRH:0
end_of_record
TN:
SF:src\clasificaciones\clasificaciones.controller.ts
FN:47,(anonymous_4)
FN:53,(anonymous_5)
FN:65,(anonymous_6)
FN:76,(anonymous_7)
FN:92,(anonymous_8)
FN:105,(anonymous_9)
FN:120,(anonymous_10)
FNF:7
FNH:0
FNDA:0,(anonymous_4)
FNDA:0,(anonymous_5)
FNDA:0,(anonymous_6)
FNDA:0,(anonymous_7)
FNDA:0,(anonymous_8)
FNDA:0,(anonymous_9)
FNDA:0,(anonymous_10)
DA:1,0
DA:14,0
DA:15,0
DA:16,0
DA:17,0
DA:18,0
DA:19,0
DA:20,0
DA:22,0
DA:28,0
DA:35,0
DA:41,0
DA:46,0
DA:47,0
DA:53,0
DA:54,0
DA:65,0
DA:66,0
DA:76,0
DA:81,0
DA:92,0
DA:93,0
DA:105,0
DA:110,0
DA:120,0
DA:125,0
LF:26
LH:0
BRF:0
BRH:0
end_of_record
TN:
SF:src\clasificaciones\clasificaciones.service.ts
FN:12,(anonymous_2)
FN:14,(anonymous_3)
FN:26,(anonymous_4)
FN:36,(anonymous_5)
FN:48,(anonymous_6)
FN:63,(anonymous_7)
FN:84,(anonymous_8)
FN:102,(anonymous_9)
FN:108,(anonymous_10)
FNF:9
FNH:0
FNDA:0,(anonymous_2)
FNDA:0,(anonymous_3)
FNDA:0,(anonymous_4)
FNDA:0,(anonymous_5)
FNDA:0,(anonymous_6)
FNDA:0,(anonymous_7)
FNDA:0,(anonymous_8)
FNDA:0,(anonymous_9)
FNDA:0,(anonymous_10)
DA:1,0
DA:7,0
DA:11,0
DA:12,0
DA:15,0
DA:19,0
DA:21,0
DA:27,0
DA:28,0
DA:31,0
DA:33,0
DA:37,0
DA:39,0
DA:40,0
DA:43,0
DA:45,0
DA:49,0
DA:51,0
DA:52,0
DA:53,0
DA:58,0
DA:64,0
DA:65,0
DA:67,0
DA:69,0
DA:71,0
DA:74,0
DA:76,0
DA:78,0
DA:85,0
DA:86,0
DA:88,0
DA:90,0
DA:93,0
DA:95,0
DA:103,0
DA:104,0
DA:105,0
DA:109,0
DA:110,0
DA:111,0
DA:112,0
DA:113,0
DA:114,0
DA:116,0
DA:118,0
DA:119,0
DA:122,0
DA:123,0
DA:125,0
LF:50
LH:0
BRDA:19,0,0,0
BRDA:19,0,1,0
BRDA:31,1,0,0
BRDA:31,1,1,0
BRDA:43,2,0,0
BRDA:43,2,1,0
BRDA:52,3,0,0
BRDA:52,3,1,0
BRDA:65,4,0,0
BRDA:65,4,1,0
BRDA:74,5,0,0
BRDA:74,5,1,0
BRDA:86,6,0,0
BRDA:86,6,1,0
BRDA:93,7,0,0
BRDA:93,7,1,0
BRDA:104,8,0,0
BRDA:104,8,1,0
BRDA:109,9,0,0
BRDA:109,9,1,0
BRDA:110,10,0,0
BRDA:110,10,1,0
BRDA:113,11,0,0
BRDA:113,11,1,0
BRDA:113,12,0,0
BRDA:113,12,1,0
BRDA:113,12,2,0
BRDA:118,13,0,0
BRDA:118,13,1,0
BRDA:122,14,0,0
BRDA:122,14,1,0
BRF:31
BRH:0
end_of_record
TN:
SF:src\common\crypto.service.ts
FN:13,(anonymous_2)
FN:20,(anonymous_3)
FN:29,(anonymous_4)
FNF:3
FNH:0
FNDA:0,(anonymous_2)
FNDA:0,(anonymous_3)
FNDA:0,(anonymous_4)
DA:1,0
DA:2,0
DA:4,0
DA:5,0
DA:6,0
DA:7,0
DA:10,0
DA:14,0
DA:15,0
DA:17,0
DA:21,0
DA:22,0
DA:23,0
DA:24,0
DA:26,0
DA:30,0
DA:31,0
DA:32,0
DA:33,0
DA:34,0
DA:35,0
DA:36,0
LF:22
LH:0
BRDA:15,0,0,0
BRDA:15,0,1,0
BRF:2
BRH:0
end_of_record
TN:
SF:src\common\decorators\current-user.decorator.ts
FN:4,(anonymous_0)
FNF:1
FNH:0
FNDA:0,(anonymous_0)
DA:1,0
DA:3,0
DA:5,0
LF:3
LH:0
BRF:0
BRH:0
end_of_record
TN:
SF:src\common\decorators\roles.decorator.ts
FN:4,(anonymous_0)
FNF:1
FNH:0
FNDA:0,(anonymous_0)
DA:1,0
DA:3,0
DA:4,0
LF:3
LH:0
BRF:0
BRH:0
end_of_record
TN:
SF:src\common\guards\roles.guard.ts
FN:7,(anonymous_2)
FN:9,(anonymous_3)
FNF:2
FNH:0
FNDA:0,(anonymous_2)
FNDA:0,(anonymous_3)
DA:1,0
DA:2,0
DA:3,0
DA:6,0
DA:7,0
DA:10,0
DA:14,0
DA:15,0
DA:16,0
LF:9
LH:0
BRDA:14,0,0,0
BRDA:14,0,1,0
BRDA:16,1,0,0
BRDA:16,1,1,0
BRF:4
BRH:0
end_of_record
TN:
SF:src\gateway\menyu.gateway.ts
FN:20,(anonymous_4)
FN:24,(anonymous_5)
FN:29,(anonymous_6)
FN:38,(anonymous_7)
FN:47,(anonymous_8)
FN:55,(anonymous_9)
FN:59,(anonymous_10)
FN:63,(anonymous_11)
FN:67,(anonymous_12)
FN:71,(anonymous_13)
FN:75,(anonymous_14)
FN:79,(anonymous_15)
FN:83,(anonymous_16)
FN:87,(anonymous_17)
FNF:14
FNH:0
FNDA:0,(anonymous_4)
FNDA:0,(anonymous_5)
FNDA:0,(anonymous_6)
FNDA:0,(anonymous_7)
FNDA:0,(anonymous_8)
FNDA:0,(anonymous_9)
FNDA:0,(anonymous_10)
FNDA:0,(anonymous_11)
FNDA:0,(anonymous_12)
FNDA:0,(anonymous_13)
FNDA:0,(anonymous_14)
FNDA:0,(anonymous_15)
FNDA:0,(anonymous_16)
FNDA:0,(anonymous_17)
DA:1,2
DA:10,2
DA:16,2
DA:18,2
DA:21,0
DA:25,0
DA:29,2
DA:33,0
DA:34,0
DA:38,2
DA:42,0
DA:43,0
DA:47,2
DA:51,0
DA:52,0
DA:56,0
DA:60,0
DA:64,0
DA:68,0
DA:72,0
DA:76,0
DA:80,0
DA:84,0
DA:88,0
LF:24
LH:7
BRF:0
BRH:0
end_of_record
TN:
SF:src\health\health.controller.ts
FN:6,(anonymous_2)
FNF:1
FNH:0
FNDA:0,(anonymous_2)
DA:1,0
DA:4,0
DA:6,0
DA:7,0
LF:4
LH:0
BRF:0
BRH:0
end_of_record
TN:
SF:src\ingredientes\ingredientes.controller.ts
FN:30,(anonymous_4)
FN:38,(anonymous_5)
FN:45,(anonymous_6)
FN:53,(anonymous_7)
FN:61,(anonymous_8)
FN:74,(anonymous_9)
FNF:6
FNH:0
FNDA:0,(anonymous_4)
FNDA:0,(anonymous_5)
FNDA:0,(anonymous_6)
FNDA:0,(anonymous_7)
FNDA:0,(anonymous_8)
FNDA:0,(anonymous_9)
DA:1,0
DA:14,0
DA:15,0
DA:16,0
DA:17,0
DA:18,0
DA:20,0
DA:21,0
DA:22,0
DA:29,0
DA:30,0
DA:38,0
DA:39,0
DA:45,0
DA:46,0
DA:53,0
DA:54,0
DA:61,0
DA:66,0
DA:74,0
DA:75,0
LF:21
LH:0
BRF:0
BRH:0
end_of_record
TN:
SF:src\ingredientes\ingredientes.service.ts
FN:14,(anonymous_2)
FN:16,(anonymous_3)
FN:27,(anonymous_4)
FN:36,(anonymous_5)
FN:42,(anonymous_6)
FN:60,(anonymous_7)
FN:76,(anonymous_8)
FN:82,(anonymous_9)
FNF:8
FNH:0
FNDA:0,(anonymous_2)
FNDA:0,(anonymous_3)
FNDA:0,(anonymous_4)
FNDA:0,(anonymous_5)
FNDA:0,(anonymous_6)
FNDA:0,(anonymous_7)
FNDA:0,(anonymous_8)
FNDA:0,(anonymous_9)
DA:1,0
DA:7,0
DA:13,0
DA:14,0
DA:17,0
DA:19,0
DA:22,0
DA:24,0
DA:28,0
DA:30,0
DA:37,0
DA:38,0
DA:39,0
DA:43,0
DA:44,0
DA:46,0
DA:47,0
DA:54,0
DA:57,0
DA:61,0
DA:62,0
DA:64,0
DA:65,0
DA:66,0
DA:71,0
DA:77,0
DA:78,0
DA:79,0
DA:83,0
DA:84,0
DA:85,0
DA:86,0
DA:87,0
DA:88,0
DA:90,0
DA:92,0
DA:93,0
DA:96,0
DA:97,0
DA:99,0
LF:40
LH:0
BRDA:22,0,0,0
BRDA:22,0,1,0
BRDA:46,1,0,0
BRDA:46,1,1,0
BRDA:46,2,0,0
BRDA:46,2,1,0
BRDA:54,3,0,0
BRDA:54,3,1,0
BRDA:65,4,0,0
BRDA:65,4,1,0
BRDA:78,5,0,0
BRDA:78,5,1,0
BRDA:83,6,0,0
BRDA:83,6,1,0
BRDA:84,7,0,0
BRDA:84,7,1,0
BRDA:87,8,0,0
BRDA:87,8,1,0
BRDA:87,9,0,0
BRDA:87,9,1,0
BRDA:87,9,2,0
BRDA:92,10,0,0
BRDA:92,10,1,0
BRDA:96,11,0,0
BRDA:96,11,1,0
BRF:25
BRH:0
end_of_record
TN:
SF:src\ingredientes\dto\create-ingrediente.dto.ts
FNF:0
FNH:0
DA:1,0
DA:2,0
DA:4,0
DA:8,0
DA:12,0
DA:17,0
LF:6
LH:0
BRF:0
BRH:0
end_of_record
TN:
SF:src\ingredientes\dto\update-ingrediente.dto.ts
FNF:0
FNH:0
DA:1,0
DA:2,0
DA:4,0
DA:9,0
DA:14,0
LF:5
LH:0
BRF:0
BRH:0
end_of_record
TN:
SF:src\items\items.controller.ts
FN:48,(anonymous_4)
FN:56,(anonymous_5)
FN:63,(anonymous_6)
FN:77,(anonymous_7)
FN:85,(anonymous_8)
FN:99,(anonymous_9)
FN:117,(anonymous_10)
FN:137,(anonymous_11)
FN:148,(anonymous_12)
FN:160,(anonymous_13)
FN:174,(anonymous_14)
FNF:11
FNH:0
FNDA:0,(anonymous_4)
FNDA:0,(anonymous_5)
FNDA:0,(anonymous_6)
FNDA:0,(anonymous_7)
FNDA:0,(anonymous_8)
FNDA:0,(anonymous_9)
FNDA:0,(anonymous_10)
FNDA:0,(anonymous_11)
FNDA:0,(anonymous_12)
FNDA:0,(anonymous_13)
FNDA:0,(anonymous_14)
DA:1,0
DA:19,0
DA:20,0
DA:28,0
DA:29,0
DA:30,0
DA:31,0
DA:32,0
DA:34,0
DA:35,0
DA:36,0
DA:37,0
DA:38,0
DA:40,0
DA:47,0
DA:48,0
DA:56,0
DA:57,0
DA:63,0
DA:69,0
DA:70,0
DA:77,0
DA:78,0
DA:85,0
DA:90,0
DA:99,0
DA:100,0
DA:117,0
DA:130,0
DA:137,0
DA:138,0
DA:148,0
DA:153,0
DA:160,0
DA:166,0
DA:174,0
DA:179,0
LF:37
LH:0
BRDA:69,0,0,0
BRDA:69,0,1,0
BRDA:69,1,0,0
BRDA:69,1,1,0
BRF:4
BRH:0
end_of_record
TN:
SF:src\items\items.service.ts
FN:33,(anonymous_2)
FN:39,(anonymous_3)
FN:46,(anonymous_4)
FN:59,(anonymous_5)
FN:65,(anonymous_6)
FN:78,(anonymous_7)
FN:88,(anonymous_8)
FN:99,(anonymous_9)
FN:115,(anonymous_10)
FN:130,(anonymous_11)
FN:139,(anonymous_12)
FN:153,(anonymous_13)
FN:159,(anonymous_14)
FN:170,(anonymous_15)
FN:179,(anonymous_16)
FN:187,(anonymous_17)
FNF:16
FNH:0
FNDA:0,(anonymous_2)
FNDA:0,(anonymous_3)
FNDA:0,(anonymous_4)
FNDA:0,(anonymous_5)
FNDA:0,(anonymous_6)
FNDA:0,(anonymous_7)
FNDA:0,(anonymous_8)
FNDA:0,(anonymous_9)
FNDA:0,(anonymous_10)
FNDA:0,(anonymous_11)
FNDA:0,(anonymous_12)
FNDA:0,(anonymous_13)
FNDA:0,(anonymous_14)
FNDA:0,(anonymous_15)
FNDA:0,(anonymous_16)
FNDA:0,(anonymous_17)
DA:1,0
DA:8,0
DA:9,0
DA:10,0
DA:17,0
DA:19,0
DA:32,0
DA:34,0
DA:35,0
DA:36,0
DA:40,0
DA:41,0
DA:43,0
DA:47,0
DA:49,0
DA:60,0
DA:61,0
DA:62,0
DA:66,0
DA:67,0
DA:69,0
DA:70,0
DA:73,0
DA:74,0
DA:75,0
DA:79,0
DA:80,0
DA:82,0
DA:83,0
DA:85,0
DA:89,0
DA:90,0
DA:92,0
DA:94,0
DA:96,0
DA:100,0
DA:101,0
DA:103,0
DA:104,0
DA:105,0
DA:110,0
DA:116,0
DA:117,0
DA:118,0
DA:120,0
DA:123,0
DA:125,0
DA:127,0
DA:131,0
DA:132,0
DA:134,0
DA:136,0
DA:140,0
DA:141,0
DA:143,0
DA:144,0
DA:145,0
DA:148,0
DA:154,0
DA:155,0
DA:156,0
DA:160,0
DA:167,0
DA:171,0
DA:175,0
DA:176,0
DA:180,0
DA:181,0
DA:182,0
DA:183,0
DA:188,0
DA:189,0
DA:190,0
DA:191,0
DA:192,0
DA:193,0
DA:195,0
DA:197,0
DA:198,0
DA:201,0
DA:202,0
DA:204,0
LF:82
LH:0
BRDA:52,0,0,0
BRDA:52,0,1,0
BRDA:69,1,0,0
BRDA:69,1,1,0
BRDA:69,2,0,0
BRDA:69,2,1,0
BRDA:92,3,0,0
BRDA:92,3,1,0
BRDA:104,4,0,0
BRDA:104,4,1,0
BRDA:123,5,0,0
BRDA:123,5,1,0
BRDA:144,6,0,0
BRDA:144,6,1,0
BRDA:155,7,0,0
BRDA:155,7,1,0
BRDA:164,8,0,0
BRDA:164,8,1,0
BRDA:167,9,0,0
BRDA:167,9,1,0
BRDA:175,10,0,0
BRDA:175,10,1,0
BRDA:175,11,0,0
BRDA:175,11,1,0
BRDA:181,12,0,0
BRDA:181,12,1,0
BRDA:182,13,0,0
BRDA:182,13,1,0
BRDA:188,14,0,0
BRDA:188,14,1,0
BRDA:189,15,0,0
BRDA:189,15,1,0
BRDA:192,16,0,0
BRDA:192,16,1,0
BRDA:192,17,0,0
BRDA:192,17,1,0
BRDA:192,17,2,0
BRDA:197,18,0,0
BRDA:197,18,1,0
BRDA:201,19,0,0
BRDA:201,19,1,0
BRF:41
BRH:0
end_of_record
TN:
SF:src\items\dto\add-ingrediente.dto.ts
FN:15,(anonymous_2)
FN:31,(anonymous_3)
FN:37,(anonymous_4)
FN:44,(anonymous_5)
FNF:4
FNH:0
FNDA:0,(anonymous_2)
FNDA:0,(anonymous_3)
FNDA:0,(anonymous_4)
FNDA:0,(anonymous_5)
DA:1,0
DA:2,0
DA:3,0
DA:5,0
DA:8,0
DA:12,0
DA:15,0
DA:17,0
DA:22,0
DA:27,0
DA:31,0
DA:33,0
DA:37,0
DA:40,0
DA:44,0
DA:47,0
LF:16
LH:0
BRF:0
BRH:0
end_of_record
TN:
SF:src\items\dto\create-item.dto.ts
FNF:0
FNH:0
DA:1,0
DA:2,0
DA:13,0
DA:16,0
DA:21,0
DA:26,0
DA:31,0
DA:36,0
DA:41,0
DA:46,0
DA:51,0
LF:11
LH:0
BRF:0
BRH:0
end_of_record
TN:
SF:src\items\dto\update-ingrediente-item.dto.ts
FN:8,(anonymous_2)
FN:29,(anonymous_3)
FN:35,(anonymous_4)
FN:42,(anonymous_5)
FNF:4
FNH:0
FNDA:0,(anonymous_2)
FNDA:0,(anonymous_3)
FNDA:0,(anonymous_4)
FNDA:0,(anonymous_5)
DA:1,0
DA:2,0
DA:3,0
DA:5,0
DA:8,0
DA:10,0
DA:15,0
DA:20,0
DA:25,0
DA:29,0
DA:31,0
DA:35,0
DA:38,0
DA:42,0
DA:45,0
LF:15
LH:0
BRF:0
BRH:0
end_of_record
TN:
SF:src\items\dto\update-item.dto.ts
FNF:0
FNH:0
DA:1,0
DA:2,0
DA:13,0
DA:18,0
DA:24,0
DA:29,0
DA:34,0
DA:39,0
DA:44,0
DA:49,0
LF:10
LH:0
BRF:0
BRH:0
end_of_record
TN:
SF:src\marca\marca.controller.ts
FN:27,(anonymous_4)
FN:32,(anonymous_5)
FN:38,(anonymous_6)
FN:44,(anonymous_7)
FN:50,(anonymous_8)
FN:61,(anonymous_9)
FNF:6
FNH:0
FNDA:0,(anonymous_4)
FNDA:0,(anonymous_5)
FNDA:0,(anonymous_6)
FNDA:0,(anonymous_7)
FNDA:0,(anonymous_8)
FNDA:0,(anonymous_9)
DA:1,0
DA:13,0
DA:14,0
DA:15,0
DA:16,0
DA:17,0
DA:19,0
DA:20,0
DA:21,0
DA:26,0
DA:27,0
DA:32,0
DA:33,0
DA:38,0
DA:39,0
DA:44,0
DA:45,0
DA:50,0
DA:55,0
DA:61,0
DA:62,0
LF:21
LH:0
BRF:0
BRH:0
end_of_record
TN:
SF:src\marca\marca.service.ts
FN:31,(anonymous_2)
FN:33,(anonymous_3)
FN:39,(anonymous_4)
FN:53,(anonymous_5)
FN:66,(anonymous_6)
FN:82,(anonymous_7)
FN:100,(anonymous_8)
FN:105,(anonymous_9)
FN:110,(anonymous_10)
FN:116,(anonymous_11)
FN:118,(anonymous_12)
FNF:11
FNH:8
FNDA:13,(anonymous_2)
FNDA:2,(anonymous_3)
FNDA:2,(anonymous_4)
FNDA:0,(anonymous_5)
FNDA:4,(anonymous_6)
FNDA:3,(anonymous_7)
FNDA:2,(anonymous_8)
FNDA:5,(anonymous_9)
FNDA:2,(anonymous_10)
FNDA:0,(anonymous_11)
FNDA:0,(anonymous_12)
DA:1,1
DA:7,1
DA:12,1
DA:30,1
DA:31,13
DA:34,2
DA:35,2
DA:36,1
DA:40,2
DA:41,1
DA:46,1
DA:47,0
DA:48,0
DA:53,0
DA:54,0
DA:59,1
DA:60,1
DA:67,4
DA:68,1
DA:69,1
DA:71,3
DA:72,0
DA:74,3
DA:78,3
DA:79,1
DA:83,3
DA:84,0
DA:85,0
DA:87,3
DA:88,0
DA:90,3
DA:91,2
DA:92,1
DA:95,1
DA:97,1
DA:101,2
DA:102,1
DA:106,5
DA:107,5
DA:111,2
DA:112,2
DA:113,2
DA:117,0
DA:118,0
LF:44
LH:34
BRDA:35,0,0,1
BRDA:35,0,1,1
BRDA:40,1,0,1
BRDA:40,1,1,1
BRDA:46,2,0,0
BRDA:46,2,1,1
BRDA:67,3,0,1
BRDA:67,3,1,3
BRDA:69,4,0,1
BRDA:69,4,1,0
BRDA:71,5,0,0
BRDA:71,5,1,3
BRDA:78,6,0,2
BRDA:78,6,1,1
BRDA:78,7,0,3
BRDA:78,7,1,2
BRDA:83,8,0,0
BRDA:83,8,1,3
BRDA:85,9,0,0
BRDA:85,9,1,0
BRDA:87,10,0,0
BRDA:87,10,1,3
BRDA:91,11,0,1
BRDA:91,11,1,1
BRDA:95,12,0,1
BRDA:95,12,1,0
BRDA:107,13,0,2
BRDA:107,13,1,3
BRDA:107,14,0,5
BRDA:107,14,1,3
BRDA:112,15,0,0
BRDA:112,15,1,2
BRDA:112,16,0,2
BRDA:112,16,1,2
BRF:34
BRH:25
end_of_record
TN:
SF:src\marca\dto\create-marca.dto.ts
FNF:0
FNH:0
DA:1,0
DA:3,0
DA:6,0
DA:10,0
LF:4
LH:0
BRF:0
BRH:0
end_of_record
TN:
SF:src\marca\dto\update-marca.dto.ts
FNF:0
FNH:0
DA:1,0
DA:2,0
DA:4,0
LF:3
LH:0
BRF:0
BRH:0
end_of_record
TN:
SF:src\menu\menu.controller.ts
FN:8,(anonymous_4)
FN:26,(anonymous_5)
FN:34,(anonymous_6)
FNF:3
FNH:0
FNDA:0,(anonymous_4)
FNDA:0,(anonymous_5)
FNDA:0,(anonymous_6)
DA:1,0
DA:2,0
DA:3,0
DA:7,0
DA:8,0
DA:26,0
DA:33,0
DA:34,0
DA:37,0
LF:9
LH:0
BRDA:33,0,0,0
BRDA:33,0,1,0
BRDA:38,1,0,0
BRDA:38,1,1,0
BRDA:39,2,0,0
BRDA:39,2,1,0
BRDA:40,3,0,0
BRDA:40,3,1,0
BRDA:40,4,0,0
BRDA:40,4,1,0
BRF:10
BRH:0
end_of_record
TN:
SF:src\menu\menu.service.ts
FN:26,(anonymous_2)
FN:28,(anonymous_3)
FN:55,(anonymous_4)
FN:60,(anonymous_5)
FN:61,(anonymous_6)
FN:63,(anonymous_7)
FN:71,(anonymous_8)
FN:73,(anonymous_9)
FN:78,(anonymous_10)
FN:81,(anonymous_11)
FN:88,(anonymous_12)
FN:95,(anonymous_13)
FN:111,(anonymous_14)
FNF:13
FNH:12
FNDA:15,(anonymous_2)
FNDA:15,(anonymous_3)
FNDA:9,(anonymous_4)
FNDA:9,(anonymous_5)
FNDA:7,(anonymous_6)
FNDA:9,(anonymous_7)
FNDA:9,(anonymous_8)
FNDA:0,(anonymous_9)
FNDA:2,(anonymous_10)
FNDA:4,(anonymous_11)
FNDA:7,(anonymous_12)
FNDA:4,(anonymous_13)
FNDA:2,(anonymous_14)
DA:1,1
DA:2,1
DA:11,1
DA:25,1
DA:26,15
DA:29,15
DA:33,15
DA:35,13
DA:39,13
DA:54,13
DA:55,9
DA:60,9
DA:61,7
DA:63,9
DA:65,13
DA:72,9
DA:73,0
DA:74,0
DA:77,9
DA:78,4
DA:79,2
DA:81,4
DA:82,4
DA:85,7
DA:89,7
DA:95,4
DA:111,2
LF:27
LH:25
BRDA:33,0,0,2
BRDA:33,0,1,13
BRDA:33,1,0,15
BRDA:33,1,1,14
BRDA:35,2,0,1
BRDA:35,2,1,12
BRDA:42,3,0,1
BRDA:42,3,1,12
BRDA:72,4,0,0
BRDA:72,4,1,9
BRDA:74,5,0,0
BRDA:74,5,1,0
BRDA:77,6,0,4
BRDA:77,6,1,5
BRDA:77,7,0,9
BRDA:77,7,1,4
BRDA:82,8,0,2
BRDA:82,8,1,2
BRF:18
BRH:15
end_of_record
TN:
SF:src\mesas\mesas.controller.ts
FN:31,(anonymous_4)
FN:36,(anonymous_5)
FN:43,(anonymous_6)
FN:49,(anonymous_7)
FN:55,(anonymous_8)
FN:66,(anonymous_9)
FN:73,(anonymous_10)
FN:79,(anonymous_11)
FNF:8
FNH:0
FNDA:0,(anonymous_4)
FNDA:0,(anonymous_5)
FNDA:0,(anonymous_6)
FNDA:0,(anonymous_7)
FNDA:0,(anonymous_8)
FNDA:0,(anonymous_9)
FNDA:0,(anonymous_10)
FNDA:0,(anonymous_11)
DA:1,0
DA:14,0
DA:15,0
DA:16,0
DA:17,0
DA:18,0
DA:19,0
DA:20,0
DA:22,0
DA:23,0
DA:24,0
DA:25,0
DA:30,0
DA:31,0
DA:36,0
DA:37,0
DA:43,0
DA:44,0
DA:49,0
DA:50,0
DA:55,0
DA:60,0
DA:66,0
DA:67,0
DA:73,0
DA:74,0
DA:79,0
DA:84,0
LF:28
LH:0
BRF:0
BRH:0
end_of_record
TN:
SF:src\mesas\mesas.service.ts
FN:16,(anonymous_2)
FN:18,(anonymous_3)
FN:35,(anonymous_4)
FN:47,(anonymous_5)
FN:51,(anonymous_6)
FN:57,(anonymous_7)
FN:72,(anonymous_8)
FN:78,(anonymous_9)
FN:87,(anonymous_10)
FN:101,(anonymous_11)
FN:107,(anonymous_12)
FN:133,(anonymous_13)
FN:139,(anonymous_14)
FN:148,(anonymous_15)
FNF:14
FNH:13
FNDA:20,(anonymous_2)
FNDA:3,(anonymous_3)
FNDA:3,(anonymous_4)
FNDA:2,(anonymous_5)
FNDA:3,(anonymous_6)
FNDA:3,(anonymous_7)
FNDA:2,(anonymous_8)
FNDA:2,(anonymous_9)
FNDA:0,(anonymous_10)
FNDA:10,(anonymous_11)
FNDA:10,(anonymous_12)
FNDA:3,(anonymous_13)
FNDA:5,(anonymous_14)
FNDA:7,(anonymous_15)
DA:1,1
DA:7,1
DA:8,1
DA:9,1
DA:15,1
DA:16,20
DA:19,3
DA:21,2
DA:24,2
DA:26,1
DA:27,1
DA:28,1
DA:32,1
DA:36,3
DA:38,2
DA:46,2
DA:47,2
DA:52,3
DA:53,1
DA:54,1
DA:58,3
DA:59,3
DA:61,3
DA:62,2
DA:65,2
DA:68,2
DA:69,2
DA:73,2
DA:74,1
DA:75,1
DA:79,2
DA:80,2
DA:82,1
DA:83,1
DA:84,1
DA:88,0
DA:89,0
DA:91,0
DA:94,0
DA:96,0
DA:102,10
DA:103,10
DA:104,7
DA:108,10
DA:109,0
DA:110,0
DA:112,0
DA:114,10
DA:115,8
DA:116,8
DA:117,8
DA:118,8
DA:119,2
DA:121,6
DA:123,0
DA:124,0
DA:127,0
DA:128,0
DA:130,0
DA:134,3
DA:135,3
DA:136,2
DA:140,5
DA:141,104
DA:142,104
DA:143,104
DA:145,1
DA:149,7
DA:150,7
DA:151,7
LF:70
LH:57
BRDA:24,0,0,1
BRDA:24,0,1,1
BRDA:61,1,0,2
BRDA:61,1,1,1
BRDA:61,2,0,3
BRDA:61,2,1,2
BRDA:65,3,0,1
BRDA:65,3,1,1
BRDA:94,4,0,0
BRDA:94,4,1,0
BRDA:103,5,0,3
BRDA:103,5,1,7
BRDA:103,6,0,10
BRDA:103,6,1,8
BRDA:108,7,0,0
BRDA:108,7,1,10
BRDA:109,8,0,0
BRDA:109,8,1,0
BRDA:114,9,0,2
BRDA:114,9,1,8
BRDA:115,10,0,8
BRDA:115,10,1,0
BRDA:118,11,0,2
BRDA:118,11,1,6
BRDA:118,12,0,8
BRDA:118,12,1,8
BRDA:118,12,2,8
BRDA:123,13,0,0
BRDA:123,13,1,0
BRDA:127,14,0,0
BRDA:127,14,1,0
BRDA:135,15,0,1
BRDA:135,15,1,2
BRDA:135,16,0,3
BRDA:135,16,1,2
BRDA:143,17,0,4
BRDA:143,17,1,100
BRDA:149,18,0,7
BRDA:149,18,1,7
BRF:39
BRH:29
end_of_record
TN:
SF:src\mesas\dto\cambiar-pin.dto.ts
FNF:0
FNH:0
DA:1,0
DA:3,0
DA:6,0
LF:3
LH:0
BRF:0
BRH:0
end_of_record
TN:
SF:src\mesas\dto\create-mesa.dto.ts
FNF:0
FNH:0
DA:1,0
DA:3,0
DA:6,0
DA:9,0
DA:13,0
LF:5
LH:0
BRF:0
BRH:0
end_of_record
TN:
SF:src\mesas\dto\update-mesa.dto.ts
FNF:0
FNH:0
DA:1,0
DA:3,0
DA:6,0
DA:10,0
LF:4
LH:0
BRF:0
BRH:0
end_of_record
TN:
SF:src\mozos\mozos.controller.ts
FN:30,(anonymous_4)
FN:37,(anonymous_5)
FN:44,(anonymous_6)
FN:52,(anonymous_7)
FN:61,(anonymous_8)
FN:74,(anonymous_9)
FN:84,(anonymous_10)
FN:97,(anonymous_11)
FN:108,(anonymous_12)
FN:115,(anonymous_13)
FNF:10
FNH:0
FNDA:0,(anonymous_4)
FNDA:0,(anonymous_5)
FNDA:0,(anonymous_6)
FNDA:0,(anonymous_7)
FNDA:0,(anonymous_8)
FNDA:0,(anonymous_9)
FNDA:0,(anonymous_10)
FNDA:0,(anonymous_11)
FNDA:0,(anonymous_12)
FNDA:0,(anonymous_13)
DA:1,0
DA:14,0
DA:15,0
DA:16,0
DA:17,0
DA:18,0
DA:20,0
DA:21,0
DA:22,0
DA:29,0
DA:30,0
DA:37,0
DA:38,0
DA:44,0
DA:45,0
DA:52,0
DA:53,0
DA:61,0
DA:66,0
DA:74,0
DA:75,0
DA:84,0
DA:89,0
DA:97,0
DA:102,0
DA:108,0
DA:109,0
DA:115,0
DA:116,0
LF:29
LH:0
BRF:0
BRH:0
end_of_record
TN:
SF:src\mozos\mozos.service.ts
FN:18,(anonymous_2)
FN:20,(anonymous_3)
FN:33,(anonymous_4)
FN:50,(anonymous_5)
FN:56,(anonymous_6)
FN:70,(anonymous_7)
FN:76,(anonymous_8)
FN:93,(anonymous_9)
FN:105,(anonymous_10)
FN:117,(anonymous_11)
FN:120,(anonymous_12)
FN:138,(anonymous_13)
FN:144,(anonymous_14)
FNF:13
FNH:0
FNDA:0,(anonymous_2)
FNDA:0,(anonymous_3)
FNDA:0,(anonymous_4)
FNDA:0,(anonymous_5)
FNDA:0,(anonymous_6)
FNDA:0,(anonymous_7)
FNDA:0,(anonymous_8)
FNDA:0,(anonymous_9)
FNDA:0,(anonymous_10)
FNDA:0,(anonymous_11)
FNDA:0,(anonymous_12)
FNDA:0,(anonymous_13)
FNDA:0,(anonymous_14)
DA:1,0
DA:8,0
DA:9,0
DA:14,0
DA:17,0
DA:18,0
DA:21,0
DA:23,0
DA:24,0
DA:25,0
DA:28,0
DA:29,0
DA:30,0
DA:34,0
DA:35,0
DA:51,0
DA:52,0
DA:53,0
DA:57,0
DA:58,0
DA:60,0
DA:61,0
DA:63,0
DA:64,0
DA:67,0
DA:71,0
DA:72,0
DA:73,0
DA:77,0
DA:78,0
DA:80,0
DA:81,0
DA:82,0
DA:83,0
DA:86,0
DA:87,0
DA:89,0
DA:94,0
DA:95,0
DA:97,0
DA:100,0
DA:102,0
DA:106,0
DA:107,0
DA:109,0
DA:117,0
DA:121,0
DA:122,0
DA:124,0
DA:125,0
DA:127,0
DA:135,0
DA:139,0
DA:140,0
DA:141,0
DA:145,0
DA:146,0
DA:147,0
DA:148,0
DA:149,0
DA:150,0
DA:152,0
DA:154,0
DA:155,0
DA:158,0
DA:159,0
DA:161,0
LF:67
LH:0
BRDA:23,0,0,0
BRDA:23,0,1,0
BRDA:25,1,0,0
BRDA:25,1,1,0
BRDA:63,2,0,0
BRDA:63,2,1,0
BRDA:81,3,0,0
BRDA:81,3,1,0
BRDA:82,4,0,0
BRDA:82,4,1,0
BRDA:100,5,0,0
BRDA:100,5,1,0
BRDA:140,6,0,0
BRDA:140,6,1,0
BRDA:145,7,0,0
BRDA:145,7,1,0
BRDA:146,8,0,0
BRDA:146,8,1,0
BRDA:149,9,0,0
BRDA:149,9,1,0
BRDA:149,10,0,0
BRDA:149,10,1,0
BRDA:149,10,2,0
BRDA:154,11,0,0
BRDA:154,11,1,0
BRDA:158,12,0,0
BRDA:158,12,1,0
BRF:27
BRH:0
end_of_record
TN:
SF:src\mozos\dto\create-mozo.dto.ts
FNF:0
FNH:0
DA:1,0
DA:2,0
DA:4,0
DA:7,0
DA:12,0
DA:17,0
DA:22,0
DA:27,0
DA:32,0
LF:9
LH:0
BRF:0
BRH:0
end_of_record
TN:
SF:src\mozos\dto\update-mozo.dto.ts
FNF:0
FNH:0
DA:1,0
DA:2,0
DA:4,0
DA:8,0
DA:13,0
DA:18,0
DA:23,0
DA:28,0
DA:34,0
LF:9
LH:0
BRF:0
BRH:0
end_of_record
TN:
SF:src\orders\orders.controller.ts
FN:9,(anonymous_4)
FN:15,(anonymous_5)
FN:26,(anonymous_6)
FNF:3
FNH:0
FNDA:0,(anonymous_4)
FNDA:0,(anonymous_5)
FNDA:0,(anonymous_6)
DA:1,0
DA:2,0
DA:3,0
DA:4,0
DA:8,0
DA:9,0
DA:15,0
DA:16,0
DA:26,0
DA:30,0
LF:10
LH:0
BRF:0
BRH:0
end_of_record
TN:
SF:src\orders\orders.service.ts
FN:22,(anonymous_2)
FN:28,(anonymous_3)
FN:51,(anonymous_4)
FN:61,(anonymous_5)
FN:63,(anonymous_6)
FN:70,(anonymous_7)
FN:76,(anonymous_8)
FN:88,(anonymous_9)
FN:123,(anonymous_10)
FNF:9
FNH:9
FNDA:19,(anonymous_2)
FNDA:14,(anonymous_3)
FNDA:8,(anonymous_4)
FNDA:5,(anonymous_5)
FNDA:5,(anonymous_6)
FNDA:5,(anonymous_7)
FNDA:1,(anonymous_8)
FNDA:3,(anonymous_9)
FNDA:5,(anonymous_10)
DA:1,1
DA:7,1
DA:8,1
DA:9,1
DA:21,1
DA:23,19
DA:24,19
DA:25,19
DA:29,14
DA:30,2
DA:34,12
DA:35,12
DA:37,1
DA:40,11
DA:41,1
DA:44,10
DA:46,10
DA:47,10
DA:48,3
DA:51,8
DA:52,7
DA:57,7
DA:58,2
DA:61,5
DA:63,5
DA:64,5
DA:71,5
DA:73,5
DA:74,5
DA:75,3
DA:76,2
DA:77,2
DA:81,5
DA:88,3
DA:115,5
DA:118,5
DA:120,5
DA:124,5
DA:125,2
DA:129,3
DA:130,3
DA:132,0
DA:135,3
DA:136,1
DA:139,2
LF:45
LH:44
BRDA:29,0,0,2
BRDA:29,0,1,12
BRDA:40,1,0,1
BRDA:40,1,1,10
BRDA:47,2,0,3
BRDA:47,2,1,7
BRDA:47,3,0,10
BRDA:47,3,1,9
BRDA:57,4,0,2
BRDA:57,4,1,5
BRDA:75,5,0,2
BRDA:75,5,1,1
BRDA:77,6,0,1
BRDA:77,6,1,1
BRDA:86,7,0,5
BRDA:86,7,1,5
BRDA:124,8,0,2
BRDA:124,8,1,3
BRDA:135,9,0,1
BRDA:135,9,1,2
BRF:20
BRH:20
end_of_record
TN:
SF:src\orders\dto\create-order.dto.ts
FN:26,(anonymous_2)
FN:37,(anonymous_3)
FNF:2
FNH:0
FNDA:0,(anonymous_2)
FNDA:0,(anonymous_3)
DA:1,0
DA:2,0
DA:4,0
DA:6,0
DA:9,0
DA:13,0
DA:16,0
DA:18,0
DA:22,0
DA:26,0
DA:27,0
DA:31,0
DA:34,0
DA:37,0
DA:38,0
LF:15
LH:0
BRF:0
BRH:0
end_of_record
TN:
SF:src\payments\payments.controller.ts
FN:9,(anonymous_4)
FN:17,(anonymous_5)
FN:28,(anonymous_6)
FN:35,(anonymous_7)
FN:42,(anonymous_8)
FN:49,(anonymous_9)
FN:60,(anonymous_10)
FN:67,(anonymous_11)
FN:75,(anonymous_12)
FNF:9
FNH:0
FNDA:0,(anonymous_4)
FNDA:0,(anonymous_5)
FNDA:0,(anonymous_6)
FNDA:0,(anonymous_7)
FNDA:0,(anonymous_8)
FNDA:0,(anonymous_9)
FNDA:0,(anonymous_10)
FNDA:0,(anonymous_11)
FNDA:0,(anonymous_12)
DA:1,0
DA:2,0
DA:3,0
DA:4,0
DA:8,0
DA:9,0
DA:17,0
DA:21,0
DA:28,0
DA:29,0
DA:35,0
DA:36,0
DA:42,0
DA:43,0
DA:49,0
DA:53,0
DA:60,0
DA:61,0
DA:67,0
DA:68,0
DA:75,0
DA:76,0
LF:22
LH:0
BRF:0
BRH:0
end_of_record
TN:
SF:src\payments\payments.service.ts
FN:42,(anonymous_4)
FN:50,(anonymous_5)
FN:96,(anonymous_6)
FN:147,(anonymous_7)
FN:187,(anonymous_8)
FN:191,(anonymous_9)
FN:202,(anonymous_10)
FN:250,(anonymous_11)
FN:266,(anonymous_12)
FN:268,(anonymous_13)
FN:271,(anonymous_14)
FN:277,(anonymous_15)
FN:295,(anonymous_16)
FN:298,(anonymous_17)
FN:309,(anonymous_18)
FN:344,(anonymous_19)
FN:344,(anonymous_20)
FN:365,(anonymous_21)
FN:399,(anonymous_22)
FN:400,(anonymous_23)
FN:404,(anonymous_24)
FNF:21
FNH:0
FNDA:0,(anonymous_4)
FNDA:0,(anonymous_5)
FNDA:0,(anonymous_6)
FNDA:0,(anonymous_7)
FNDA:0,(anonymous_8)
FNDA:0,(anonymous_9)
FNDA:0,(anonymous_10)
FNDA:0,(anonymous_11)
FNDA:0,(anonymous_12)
FNDA:0,(anonymous_13)
FNDA:0,(anonymous_14)
FNDA:0,(anonymous_15)
FNDA:0,(anonymous_16)
FNDA:0,(anonymous_17)
FNDA:0,(anonymous_18)
FNDA:0,(anonymous_19)
FNDA:0,(anonymous_20)
FNDA:0,(anonymous_21)
FNDA:0,(anonymous_22)
FNDA:0,(anonymous_23)
FNDA:0,(anonymous_24)
DA:1,0
DA:9,0
DA:10,0
DA:11,0
DA:12,0
DA:41,0
DA:43,0
DA:44,0
DA:45,0
DA:46,0
DA:47,0
DA:51,0
DA:52,0
DA:56,0
DA:57,0
DA:59,0
DA:62,0
DA:63,0
DA:66,0
DA:71,0
DA:72,0
DA:75,0
DA:77,0
DA:83,0
DA:84,0
DA:85,0
DA:95,0
DA:96,0
DA:97,0
DA:99,0
DA:100,0
DA:102,0
DA:103,0
DA:104,0
DA:106,0
DA:107,0
DA:108,0
DA:111,0
DA:113,0
DA:123,0
DA:134,0
DA:144,0
DA:148,0
DA:150,0
DA:151,0
DA:154,0
DA:158,0
DA:159,0
DA:162,0
DA:170,0
DA:181,0
DA:182,0
DA:184,0
DA:188,0
DA:192,0
DA:199,0
DA:206,0
DA:214,0
DA:215,0
DA:218,0
DA:224,0
DA:225,0
DA:226,0
DA:231,0
DA:234,0
DA:236,0
DA:247,0
DA:251,0
DA:266,0
DA:267,0
DA:269,0
DA:271,0
DA:277,0
DA:280,0
DA:281,0
DA:282,0
DA:283,0
DA:284,0
DA:285,0
DA:287,0
DA:290,0
DA:295,0
DA:298,0
DA:310,0
DA:313,0
DA:314,0
DA:317,0
DA:324,0
DA:326,0
DA:336,0
DA:339,0
DA:343,0
DA:344,0
DA:348,0
DA:355,0
DA:362,0
DA:366,0
DA:368,0
DA:374,0
DA:375,0
DA:385,0
DA:389,0
DA:395,0
DA:396,0
DA:398,0
DA:400,0
DA:404,0
DA:405,0
DA:415,0
DA:421,0
LF:110
LH:0
BRDA:51,0,0,0
BRDA:51,0,1,0
BRDA:62,1,0,0
BRDA:62,1,1,0
BRDA:71,2,0,0
BRDA:71,2,1,0
BRDA:83,3,0,0
BRDA:83,3,1,0
BRDA:95,4,0,0
BRDA:95,4,1,0
BRDA:97,5,0,0
BRDA:97,5,1,0
BRDA:99,6,0,0
BRDA:99,6,1,0
BRDA:120,7,0,0
BRDA:120,7,1,0
BRDA:150,8,0,0
BRDA:150,8,1,0
BRDA:150,9,0,0
BRDA:150,9,1,0
BRDA:158,10,0,0
BRDA:158,10,1,0
BRDA:214,11,0,0
BRDA:214,11,1,0
BRDA:224,12,0,0
BRDA:224,12,1,0
BRDA:240,13,0,0
BRDA:240,13,1,0
BRDA:277,14,0,0
BRDA:277,14,1,0
BRDA:280,15,0,0
BRDA:280,15,1,0
BRDA:282,16,0,0
BRDA:282,16,1,0
BRDA:282,17,0,0
BRDA:282,17,1,0
BRDA:282,17,2,0
BRDA:284,18,0,0
BRDA:284,18,1,0
BRDA:284,19,0,0
BRDA:284,19,1,0
BRDA:303,20,0,0
BRDA:303,20,1,0
BRDA:313,21,0,0
BRDA:313,21,1,0
BRDA:324,22,0,0
BRDA:324,22,1,0
BRDA:374,23,0,0
BRDA:374,23,1,0
BRDA:378,24,0,0
BRDA:378,24,1,0
BRDA:396,25,0,0
BRDA:396,25,1,0
BRDA:412,26,0,0
BRDA:412,26,1,0
BRF:55
BRH:0
end_of_record
TN:
SF:src\payments\dto\initiate-payment.dto.ts
FNF:0
FNH:0
DA:1,0
DA:3,0
DA:5,0
DA:8,0
DA:11,0
DA:15,0
DA:18,0
DA:22,0
LF:8
LH:0
BRF:0
BRH:0
end_of_record
TN:
SF:src\payments\providers\mercadopago.provider.ts
FN:15,(anonymous_2)
FN:21,(anonymous_3)
FN:85,(anonymous_4)
FN:119,(anonymous_5)
FN:140,(anonymous_6)
FN:149,(anonymous_7)
FNF:6
FNH:0
FNDA:0,(anonymous_2)
FNDA:0,(anonymous_3)
FNDA:0,(anonymous_4)
FNDA:0,(anonymous_5)
FNDA:0,(anonymous_6)
FNDA:0,(anonymous_7)
DA:1,0
DA:2,0
DA:12,0
DA:16,0
DA:22,0
DA:23,0
DA:24,0
DA:27,0
DA:29,0
DA:39,0
DA:68,0
DA:83,0
DA:86,0
DA:90,0
DA:96,0
DA:100,0
DA:101,0
DA:108,0
DA:109,0
DA:112,0
DA:120,0
DA:122,0
DA:123,0
DA:126,0
DA:127,0
DA:128,0
DA:131,0
DA:133,0
DA:141,0
DA:142,0
DA:143,0
DA:145,0
DA:150,0
DA:152,0
DA:154,0
DA:157,0
DA:160,0
LF:37
LH:0
BRDA:39,0,0,0
BRDA:39,0,1,0
BRDA:43,1,0,0
BRDA:43,1,1,0
BRDA:46,2,0,0
BRDA:46,2,1,0
BRDA:47,3,0,0
BRDA:47,3,1,0
BRDA:55,4,0,0
BRDA:55,4,1,0
BRDA:58,5,0,0
BRDA:58,5,1,0
BRDA:59,6,0,0
BRDA:59,6,1,0
BRDA:63,7,0,0
BRDA:63,7,1,0
BRDA:69,8,0,0
BRDA:69,8,1,0
BRDA:78,9,0,0
BRDA:78,9,1,0
BRDA:80,10,0,0
BRDA:80,10,1,0
BRDA:87,11,0,0
BRDA:87,11,1,0
BRDA:88,12,0,0
BRDA:88,12,1,0
BRDA:91,13,0,0
BRDA:91,13,1,0
BRDA:96,14,0,0
BRDA:96,14,1,0
BRDA:96,15,0,0
BRDA:96,15,1,0
BRDA:100,16,0,0
BRDA:100,16,1,0
BRDA:100,17,0,0
BRDA:100,17,1,0
BRDA:108,18,0,0
BRDA:108,18,1,0
BRDA:108,19,0,0
BRDA:108,19,1,0
BRDA:122,20,0,0
BRDA:122,20,1,0
BRDA:127,21,0,0
BRDA:127,21,1,0
BRDA:134,22,0,0
BRDA:134,22,1,0
BRDA:136,23,0,0
BRDA:136,23,1,0
BRDA:150,24,0,0
BRDA:150,24,1,0
BRDA:150,24,2,0
BRDA:150,24,3,0
BRDA:150,24,4,0
BRF:53
BRH:0
end_of_record
TN:
SF:src\pedidos\pedidos.controller.ts
FN:17,(anonymous_4)
FN:23,(anonymous_5)
FN:39,(anonymous_6)
FN:54,(anonymous_7)
FN:70,(anonymous_8)
FN:87,(anonymous_9)
FN:103,(anonymous_10)
FN:119,(anonymous_11)
FNF:8
FNH:0
FNDA:0,(anonymous_4)
FNDA:0,(anonymous_5)
FNDA:0,(anonymous_6)
FNDA:0,(anonymous_7)
FNDA:0,(anonymous_8)
FNDA:0,(anonymous_9)
FNDA:0,(anonymous_10)
FNDA:0,(anonymous_11)
DA:1,0
DA:2,0
DA:4,0
DA:5,0
DA:6,0
DA:7,0
DA:9,0
DA:10,0
DA:11,0
DA:12,0
DA:16,0
DA:17,0
DA:23,0
DA:27,0
DA:39,0
DA:44,0
DA:54,0
DA:58,0
DA:70,0
DA:74,0
DA:87,0
DA:92,0
DA:103,0
DA:107,0
DA:119,0
DA:124,0
LF:26
LH:0
BRF:0
BRH:0
end_of_record
TN:
SF:src\pedidos\pedidos.service.ts
FN:27,(anonymous_2)
FN:33,(anonymous_3)
FN:51,(anonymous_4)
FN:133,(anonymous_5)
FN:168,(anonymous_6)
FN:180,(anonymous_7)
FN:233,(anonymous_8)
FN:265,(anonymous_9)
FN:291,(anonymous_10)
FN:314,(anonymous_11)
FN:371,(anonymous_12)
FN:406,(anonymous_13)
FN:425,(anonymous_14)
FN:434,(anonymous_15)
FN:435,(anonymous_16)
FN:435,(anonymous_17)
FN:448,(anonymous_18)
FN:468,(anonymous_19)
FN:480,(anonymous_20)
FN:488,(anonymous_21)
FN:510,(anonymous_22)
FN:512,(anonymous_23)
FN:523,(anonymous_24)
FN:542,(anonymous_25)
FN:545,(anonymous_26)
FN:576,(anonymous_27)
FN:580,(anonymous_28)
FN:605,(anonymous_29)
FNF:28
FNH:0
FNDA:0,(anonymous_2)
FNDA:0,(anonymous_3)
FNDA:0,(anonymous_4)
FNDA:0,(anonymous_5)
FNDA:0,(anonymous_6)
FNDA:0,(anonymous_7)
FNDA:0,(anonymous_8)
FNDA:0,(anonymous_9)
FNDA:0,(anonymous_10)
FNDA:0,(anonymous_11)
FNDA:0,(anonymous_12)
FNDA:0,(anonymous_13)
FNDA:0,(anonymous_14)
FNDA:0,(anonymous_15)
FNDA:0,(anonymous_16)
FNDA:0,(anonymous_17)
FNDA:0,(anonymous_18)
FNDA:0,(anonymous_19)
FNDA:0,(anonymous_20)
FNDA:0,(anonymous_21)
FNDA:0,(anonymous_22)
FNDA:0,(anonymous_23)
FNDA:0,(anonymous_24)
FNDA:0,(anonymous_25)
FNDA:0,(anonymous_26)
FNDA:0,(anonymous_27)
FNDA:0,(anonymous_28)
FNDA:0,(anonymous_29)
DA:1,0
DA:8,0
DA:9,0
DA:10,0
DA:26,0
DA:28,0
DA:29,0
DA:30,0
DA:34,0
DA:35,0
DA:39,0
DA:40,0
DA:42,0
DA:45,0
DA:46,0
DA:49,0
DA:51,0
DA:53,0
DA:54,0
DA:55,0
DA:57,0
DA:58,0
DA:69,0
DA:71,0
DA:72,0
DA:75,0
DA:76,0
DA:79,0
DA:80,0
DA:82,0
DA:83,0
DA:86,0
DA:87,0
DA:89,0
DA:90,0
DA:92,0
DA:93,0
DA:97,0
DA:98,0
DA:103,0
DA:104,0
DA:106,0
DA:109,0
DA:116,0
DA:127,0
DA:133,0
DA:163,0
DA:165,0
DA:169,0
DA:170,0
DA:171,0
DA:173,0
DA:174,0
DA:176,0
DA:178,0
DA:180,0
DA:188,0
DA:190,0
DA:191,0
DA:194,0
DA:196,0
DA:197,0
DA:199,0
DA:200,0
DA:203,0
DA:204,0
DA:205,0
DA:206,0
DA:208,0
DA:209,0
DA:211,0
DA:212,0
DA:214,0
DA:217,0
DA:227,0
DA:233,0
DA:261,0
DA:262,0
DA:266,0
DA:267,0
DA:268,0
DA:270,0
DA:272,0
DA:273,0
DA:274,0
DA:275,0
DA:276,0
DA:277,0
DA:279,0
DA:281,0
DA:282,0
DA:285,0
DA:286,0
DA:288,0
DA:292,0
DA:320,0
DA:321,0
DA:322,0
DA:326,0
DA:330,0
DA:333,0
DA:338,0
DA:339,0
DA:345,0
DA:366,0
DA:368,0
DA:372,0
DA:374,0
DA:375,0
DA:376,0
DA:380,0
DA:387,0
DA:388,0
DA:389,0
DA:393,0
DA:396,0
DA:399,0
DA:400,0
DA:401,0
DA:402,0
DA:406,0
DA:407,0
DA:408,0
DA:409,0
DA:414,0
DA:415,0
DA:416,0
DA:417,0
DA:418,0
DA:425,0
DA:426,0
DA:427,0
DA:434,0
DA:435,0
DA:437,0
DA:438,0
DA:441,0
DA:449,0
DA:450,0
DA:463,0
DA:464,0
DA:465,0
DA:469,0
DA:471,0
DA:472,0
DA:473,0
DA:476,0
DA:480,0
DA:481,0
DA:484,0
DA:488,0
DA:489,0
DA:492,0
DA:510,0
DA:511,0
DA:512,0
DA:513,0
DA:524,0
DA:525,0
DA:526,0
DA:529,0
DA:530,0
DA:532,0
DA:542,0
DA:546,0
DA:572,0
DA:574,0
DA:576,0
DA:597,0
DA:605,0
LF:170
LH:0
BRDA:34,0,0,0
BRDA:34,0,1,0
BRDA:45,1,0,0
BRDA:45,1,1,0
BRDA:54,2,0,0
BRDA:54,2,1,0
BRDA:57,3,0,0
BRDA:57,3,1,0
BRDA:75,4,0,0
BRDA:75,4,1,0
BRDA:82,5,0,0
BRDA:82,5,1,0
BRDA:86,6,0,0
BRDA:86,6,1,0
BRDA:89,7,0,0
BRDA:89,7,1,0
BRDA:92,8,0,0
BRDA:92,8,1,0
BRDA:92,9,0,0
BRDA:92,9,1,0
BRDA:97,10,0,0
BRDA:97,10,1,0
BRDA:97,11,0,0
BRDA:97,11,1,0
BRDA:103,12,0,0
BRDA:103,12,1,0
BRDA:121,13,0,0
BRDA:121,13,1,0
BRDA:170,14,0,0
BRDA:170,14,1,0
BRDA:171,15,0,0
BRDA:171,15,1,0
BRDA:174,16,0,0
BRDA:174,16,1,0
BRDA:194,17,0,0
BRDA:194,17,1,0
BRDA:199,18,0,0
BRDA:199,18,1,0
BRDA:203,19,0,0
BRDA:203,19,1,0
BRDA:204,20,0,0
BRDA:204,20,1,0
BRDA:205,21,0,0
BRDA:205,21,1,0
BRDA:205,22,0,0
BRDA:205,22,1,0
BRDA:208,23,0,0
BRDA:208,23,1,0
BRDA:208,24,0,0
BRDA:208,24,1,0
BRDA:211,25,0,0
BRDA:211,25,1,0
BRDA:222,26,0,0
BRDA:222,26,1,0
BRDA:266,27,0,0
BRDA:266,27,1,0
BRDA:267,28,0,0
BRDA:267,28,1,0
BRDA:272,29,0,0
BRDA:272,29,1,0
BRDA:273,30,0,0
BRDA:273,30,1,0
BRDA:276,31,0,0
BRDA:276,31,1,0
BRDA:276,32,0,0
BRDA:276,32,1,0
BRDA:276,32,2,0
BRDA:281,33,0,0
BRDA:281,33,1,0
BRDA:285,34,0,0
BRDA:285,34,1,0
BRDA:321,35,0,0
BRDA:321,35,1,0
BRDA:330,36,0,0
BRDA:330,36,1,0
BRDA:338,37,0,0
BRDA:338,37,1,0
BRDA:374,38,0,0
BRDA:374,38,1,0
BRDA:375,39,0,0
BRDA:375,39,1,0
BRDA:375,40,0,0
BRDA:375,40,1,0
BRDA:375,41,0,0
BRDA:375,41,1,0
BRDA:387,42,0,0
BRDA:387,42,1,0
BRDA:388,43,0,0
BRDA:388,43,1,0
BRDA:396,44,0,0
BRDA:396,44,1,0
BRDA:400,45,0,0
BRDA:400,45,1,0
BRDA:401,46,0,0
BRDA:401,46,1,0
BRDA:408,47,0,0
BRDA:408,47,1,0
BRDA:416,48,0,0
BRDA:416,48,1,0
BRDA:417,49,0,0
BRDA:417,49,1,0
BRDA:434,50,0,0
BRDA:434,50,1,0
BRDA:437,51,0,0
BRDA:437,51,1,0
BRDA:444,52,0,0
BRDA:444,52,1,0
BRDA:445,53,0,0
BRDA:445,53,1,0
BRDA:453,54,0,0
BRDA:453,54,1,0
BRDA:469,55,0,0
BRDA:469,55,1,0
BRDA:472,56,0,0
BRDA:472,56,1,0
BRDA:473,57,0,0
BRDA:473,57,1,0
BRDA:481,58,0,0
BRDA:481,58,1,0
BRDA:489,59,0,0
BRDA:489,59,1,0
BRDA:512,60,0,0
BRDA:512,60,1,0
BRDA:525,61,0,0
BRDA:525,61,1,0
BRDA:530,62,0,0
BRDA:530,62,1,0
BRDA:572,63,0,0
BRDA:572,63,1,0
BRDA:602,64,0,0
BRDA:602,64,1,0
BRDA:602,64,2,0
BRDA:603,65,0,0
BRDA:603,65,1,0
BRF:134
BRH:0
end_of_record
TN:
SF:src\pedidos\dto\create-pedido.dto.ts
FN:42,(anonymous_2)
FN:55,(anonymous_3)
FNF:2
FNH:0
FNDA:0,(anonymous_2)
FNDA:0,(anonymous_3)
DA:1,0
DA:12,0
DA:14,0
DA:16,0
DA:20,0
DA:24,0
DA:27,0
DA:29,0
DA:33,0
DA:37,0
DA:42,0
DA:43,0
DA:46,0
DA:48,0
DA:51,0
DA:55,0
DA:56,0
LF:17
LH:0
BRF:0
BRH:0
end_of_record
TN:
SF:src\pedidos\dto\edit-pedido.dto.ts
FN:21,(anonymous_2)
FNF:1
FNH:0
FNDA:0,(anonymous_2)
DA:1,0
DA:2,0
DA:6,0
DA:10,0
DA:13,0
DA:16,0
DA:21,0
DA:22,0
LF:8
LH:0
BRF:0
BRH:0
end_of_record
TN:
SF:src\pedidos\dto\update-estado-pedido.dto.ts
FNF:0
FNH:0
DA:1,0
DA:3,0
DA:6,0
LF:3
LH:0
BRF:0
BRH:0
end_of_record
TN:
SF:src\prisma\prisma.service.ts
FN:8,(anonymous_2)
FN:17,(anonymous_3)
FN:21,(anonymous_4)
FNF:3
FNH:0
FNDA:0,(anonymous_2)
FNDA:0,(anonymous_3)
FNDA:0,(anonymous_4)
DA:1,7
DA:2,7
DA:3,7
DA:4,7
DA:7,7
DA:9,0
DA:13,0
DA:14,0
DA:18,0
DA:22,0
LF:10
LH:5
BRDA:11,0,0,0
BRDA:11,0,1,0
BRF:2
BRH:0
end_of_record
TN:
SF:src\reportes\reportes.controller.ts
FN:13,(anonymous_4)
FN:20,(anonymous_5)
FN:33,(anonymous_6)
FN:47,(anonymous_7)
FN:61,(anonymous_8)
FNF:5
FNH:0
FNDA:0,(anonymous_4)
FNDA:0,(anonymous_5)
FNDA:0,(anonymous_6)
FNDA:0,(anonymous_7)
FNDA:0,(anonymous_8)
DA:1,0
DA:2,0
DA:3,0
DA:4,0
DA:5,0
DA:6,0
DA:12,0
DA:13,0
DA:20,0
DA:25,0
DA:33,0
DA:38,0
DA:47,0
DA:53,0
DA:61,0
DA:66,0
LF:16
LH:0
BRF:0
BRH:0
end_of_record
TN:
SF:src\reportes\reportes.service.ts
FN:30,(anonymous_2)
FN:32,(anonymous_3)
FN:50,(anonymous_4)
FN:91,(anonymous_5)
FN:92,(anonymous_6)
FN:105,(anonymous_7)
FN:122,(anonymous_8)
FN:128,(anonymous_9)
FN:152,(anonymous_10)
FN:162,(anonymous_11)
FN:180,(anonymous_12)
FNF:11
FNH:0
FNDA:0,(anonymous_2)
FNDA:0,(anonymous_3)
FNDA:0,(anonymous_4)
FNDA:0,(anonymous_5)
FNDA:0,(anonymous_6)
FNDA:0,(anonymous_7)
FNDA:0,(anonymous_8)
FNDA:0,(anonymous_9)
FNDA:0,(anonymous_10)
FNDA:0,(anonymous_11)
FNDA:0,(anonymous_12)
DA:1,0
DA:2,0
DA:29,0
DA:30,0
DA:35,0
DA:36,0
DA:38,0
DA:39,0
DA:41,0
DA:42,0
DA:44,0
DA:45,0
DA:47,0
DA:51,0
DA:53,0
DA:91,0
DA:92,0
DA:93,0
DA:97,0
DA:106,0
DA:108,0
DA:122,0
DA:129,0
DA:131,0
DA:152,0
DA:163,0
DA:165,0
DA:180,0
LF:28
LH:0
BRDA:35,0,0,0
BRDA:35,0,1,0
BRDA:41,1,0,0
BRDA:41,1,1,0
BRDA:93,2,0,0
BRDA:93,2,1,0
BRF:6
BRH:0
end_of_record
TN:
SF:src\restaurante\restaurante.controller.ts
FN:27,(anonymous_4)
FN:32,(anonymous_5)
FN:38,(anonymous_6)
FN:44,(anonymous_7)
FN:50,(anonymous_8)
FN:61,(anonymous_9)
FNF:6
FNH:0
FNDA:0,(anonymous_4)
FNDA:0,(anonymous_5)
FNDA:0,(anonymous_6)
FNDA:0,(anonymous_7)
FNDA:0,(anonymous_8)
FNDA:0,(anonymous_9)
DA:1,0
DA:13,0
DA:14,0
DA:15,0
DA:16,0
DA:17,0
DA:19,0
DA:20,0
DA:21,0
DA:26,0
DA:27,0
DA:32,0
DA:33,0
DA:38,0
DA:39,0
DA:44,0
DA:45,0
DA:50,0
DA:55,0
DA:61,0
DA:62,0
LF:21
LH:0
BRF:0
BRH:0
end_of_record
TN:
SF:src\restaurante\restaurante.service.ts
FN:24,(anonymous_2)
FN:26,(anonymous_3)
FN:30,(anonymous_4)
FN:51,(anonymous_5)
FN:69,(anonymous_6)
FN:83,(anonymous_7)
FN:88,(anonymous_8)
FN:93,(anonymous_9)
FN:113,(anonymous_10)
FN:119,(anonymous_11)
FN:121,(anonymous_12)
FNF:11
FNH:0
FNDA:0,(anonymous_2)
FNDA:0,(anonymous_3)
FNDA:0,(anonymous_4)
FNDA:0,(anonymous_5)
FNDA:0,(anonymous_6)
FNDA:0,(anonymous_7)
FNDA:0,(anonymous_8)
FNDA:0,(anonymous_9)
FNDA:0,(anonymous_10)
FNDA:0,(anonymous_11)
FNDA:0,(anonymous_12)
DA:1,0
DA:6,0
DA:11,0
DA:23,0
DA:24,0
DA:27,0
DA:31,0
DA:32,0
DA:37,0
DA:38,0
DA:39,0
DA:44,0
DA:45,0
DA:52,0
DA:53,0
DA:54,0
DA:55,0
DA:56,0
DA:58,0
DA:59,0
DA:61,0
DA:65,0
DA:66,0
DA:70,0
DA:71,0
DA:72,0
DA:73,0
DA:74,0
DA:76,0
DA:77,0
DA:79,0
DA:80,0
DA:84,0
DA:85,0
DA:89,0
DA:90,0
DA:94,0
DA:95,0
DA:96,0
DA:97,0
DA:98,0
DA:99,0
DA:101,0
DA:103,0
DA:104,0
DA:107,0
DA:108,0
DA:110,0
DA:114,0
DA:115,0
DA:116,0
DA:120,0
DA:121,0
LF:53
LH:0
BRDA:31,0,0,0
BRDA:31,0,1,0
BRDA:37,1,0,0
BRDA:37,1,1,0
BRDA:52,2,0,0
BRDA:52,2,1,0
BRDA:55,3,0,0
BRDA:55,3,1,0
BRDA:55,4,0,0
BRDA:55,4,1,0
BRDA:58,5,0,0
BRDA:58,5,1,0
BRDA:65,6,0,0
BRDA:65,6,1,0
BRDA:65,7,0,0
BRDA:65,7,1,0
BRDA:70,8,0,0
BRDA:70,8,1,0
BRDA:73,9,0,0
BRDA:73,9,1,0
BRDA:73,10,0,0
BRDA:73,10,1,0
BRDA:76,11,0,0
BRDA:76,11,1,0
BRDA:90,12,0,0
BRDA:90,12,1,0
BRDA:90,13,0,0
BRDA:90,13,1,0
BRDA:94,14,0,0
BRDA:94,14,1,0
BRDA:95,15,0,0
BRDA:95,15,1,0
BRDA:98,16,0,0
BRDA:98,16,1,0
BRDA:98,17,0,0
BRDA:98,17,1,0
BRDA:98,17,2,0
BRDA:103,18,0,0
BRDA:103,18,1,0
BRDA:107,19,0,0
BRDA:107,19,1,0
BRDA:115,20,0,0
BRDA:115,20,1,0
BRDA:115,21,0,0
BRDA:115,21,1,0
BRF:45
BRH:0
end_of_record
TN:
SF:src\restaurante\dto\create-restaurante.dto.ts
FNF:0
FNH:0
DA:1,0
DA:3,0
DA:5,0
DA:9,0
DA:13,0
LF:5
LH:0
BRF:0
BRH:0
end_of_record
TN:
SF:src\restaurante\dto\update-restaurante.dto.ts
FNF:0
FNH:0
DA:1,0
DA:3,0
DA:7,0
DA:11,0
DA:15,0
LF:5
LH:0
BRF:0
BRH:0
end_of_record
TN:
SF:src\sessions\sessions.controller.ts
FN:17,(anonymous_4)
FN:26,(anonymous_5)
FN:39,(anonymous_6)
FN:54,(anonymous_7)
FN:68,(anonymous_8)
FN:81,(anonymous_9)
FN:95,(anonymous_10)
FN:109,(anonymous_11)
FN:124,(anonymous_12)
FN:143,(anonymous_13)
FNF:10
FNH:0
FNDA:0,(anonymous_4)
FNDA:0,(anonymous_5)
FNDA:0,(anonymous_6)
FNDA:0,(anonymous_7)
FNDA:0,(anonymous_8)
FNDA:0,(anonymous_9)
FNDA:0,(anonymous_10)
FNDA:0,(anonymous_11)
FNDA:0,(anonymous_12)
FNDA:0,(anonymous_13)
DA:1,0
DA:2,0
DA:3,0
DA:6,0
DA:7,0
DA:8,0
DA:10,0
DA:11,0
DA:12,0
DA:16,0
DA:17,0
DA:26,0
DA:30,0
DA:39,0
DA:43,0
DA:54,0
DA:58,0
DA:68,0
DA:72,0
DA:81,0
DA:84,0
DA:95,0
DA:99,0
DA:109,0
DA:114,0
DA:124,0
DA:130,0
DA:143,0
DA:148,0
LF:29
LH:0
BRF:0
BRH:0
end_of_record
TN:
SF:src\sessions\sessions.e2e-spec.ts
FN:15,seedMesa
FN:28,clearE2eData
FN:33,(anonymous_2)
FN:37,(anonymous_3)
FN:43,(anonymous_4)
FN:45,(anonymous_5)
FN:48,(anonymous_6)
FN:51,(anonymous_7)
FN:55,(anonymous_8)
FN:85,(anonymous_9)
FN:91,(anonymous_10)
FN:100,(anonymous_11)
FN:105,(anonymous_12)
FN:111,(anonymous_13)
FN:124,(anonymous_14)
FN:143,(anonymous_15)
FN:151,(anonymous_16)
FN:161,(anonymous_17)
FN:178,(anonymous_18)
FN:192,(anonymous_19)
FN:211,(anonymous_20)
FN:234,(anonymous_21)
FNF:22
FNH:0
FNDA:0,seedMesa
FNDA:0,clearE2eData
FNDA:0,(anonymous_2)
FNDA:0,(anonymous_3)
FNDA:0,(anonymous_4)
FNDA:0,(anonymous_5)
FNDA:0,(anonymous_6)
FNDA:0,(anonymous_7)
FNDA:0,(anonymous_8)
FNDA:0,(anonymous_9)
FNDA:0,(anonymous_10)
FNDA:0,(anonymous_11)
FNDA:0,(anonymous_12)
FNDA:0,(anonymous_13)
FNDA:0,(anonymous_14)
FNDA:0,(anonymous_15)
FNDA:0,(anonymous_16)
FNDA:0,(anonymous_17)
FNDA:0,(anonymous_18)
FNDA:0,(anonymous_19)
FNDA:0,(anonymous_20)
FNDA:0,(anonymous_21)
DA:1,0
DA:2,0
DA:3,0
DA:4,0
DA:5,0
DA:6,0
DA:7,0
DA:13,0
DA:16,0
DA:19,0
DA:22,0
DA:25,0
DA:30,0
DA:33,0
DA:34,0
DA:37,0
DA:38,0
DA:42,0
DA:43,0
DA:44,0
DA:45,0
DA:47,0
DA:48,0
DA:50,0
DA:51,0
DA:54,0
DA:55,0
DA:57,0
DA:60,0
DA:61,0
DA:63,0
DA:64,0
DA:66,0
DA:67,0
DA:69,0
DA:70,0
DA:72,0
DA:73,0
DA:75,0
DA:76,0
DA:78,0
DA:79,0
DA:85,0
DA:89,0
DA:91,0
DA:92,0
DA:93,0
DA:94,0
DA:95,0
DA:96,0
DA:97,0
DA:100,0
DA:101,0
DA:102,0
DA:105,0
DA:106,0
DA:111,0
DA:112,0
DA:114,0
DA:118,0
DA:119,0
DA:120,0
DA:121,0
DA:124,0
DA:125,0
DA:128,0
DA:131,0
DA:134,0
DA:138,0
DA:139,0
DA:140,0
DA:143,0
DA:144,0
DA:148,0
DA:151,0
DA:152,0
DA:156,0
DA:161,0
DA:162,0
DA:165,0
DA:170,0
DA:174,0
DA:175,0
DA:178,0
DA:179,0
DA:181,0
DA:185,0
DA:189,0
DA:192,0
DA:193,0
DA:195,0
DA:198,0
DA:200,0
DA:204,0
DA:205,0
DA:206,0
DA:211,0
DA:212,0
DA:213,0
DA:216,0
DA:218,0
DA:223,0
DA:228,0
DA:229,0
DA:234,0
DA:235,0
DA:236,0
DA:239,0
DA:241,0
DA:246,0
DA:247,0
DA:250,0
DA:253,0
LF:113
LH:0
BRDA:15,0,0,0
BRDA:20,1,0,0
BRDA:20,1,1,0
BRDA:44,2,0,0
BRDA:44,2,1,0
BRDA:47,3,0,0
BRDA:47,3,1,0
BRDA:50,4,0,0
BRDA:50,4,1,0
BRDA:54,5,0,0
BRDA:54,5,1,0
BRDA:60,6,0,0
BRDA:60,6,1,0
BRDA:63,7,0,0
BRDA:63,7,1,0
BRDA:66,8,0,0
BRDA:66,8,1,0
BRDA:69,9,0,0
BRDA:69,9,1,0
BRDA:72,10,0,0
BRDA:72,10,1,0
BRDA:75,11,0,0
BRDA:75,11,1,0
BRDA:78,12,0,0
BRDA:78,12,1,0
BRF:25
BRH:0
end_of_record
TN:
SF:src\sessions\sessions.service.ts
FN:66,(anonymous_2)
FN:73,(anonymous_3)
FN:118,(anonymous_4)
FN:208,(anonymous_5)
FN:244,(anonymous_6)
FN:270,(anonymous_7)
FN:311,(anonymous_8)
FN:323,(anonymous_9)
FN:327,(anonymous_10)
FN:332,(anonymous_11)
FN:341,(anonymous_12)
FN:360,(anonymous_13)
FN:362,(anonymous_14)
FN:362,(anonymous_15)
FN:366,(anonymous_16)
FN:367,(anonymous_17)
FN:371,(anonymous_18)
FN:386,(anonymous_19)
FN:419,(anonymous_20)
FN:420,(anonymous_21)
FN:420,(anonymous_22)
FN:422,(anonymous_23)
FN:423,(anonymous_24)
FN:438,(anonymous_25)
FN:489,(anonymous_26)
FN:491,(anonymous_27)
FN:494,(anonymous_28)
FN:507,(anonymous_29)
FN:509,(anonymous_30)
FN:518,(anonymous_31)
FN:524,(anonymous_32)
FN:529,(anonymous_33)
FN:536,(anonymous_34)
FN:550,(anonymous_35)
FN:570,(anonymous_36)
FN:573,(anonymous_37)
FN:583,(anonymous_38)
FN:583,(anonymous_39)
FN:620,(anonymous_40)
FN:637,(anonymous_41)
FN:651,(anonymous_42)
FN:655,(anonymous_43)
FN:665,(anonymous_44)
FNF:43
FNH:5
FNDA:18,(anonymous_2)
FNDA:0,(anonymous_3)
FNDA:10,(anonymous_4)
FNDA:0,(anonymous_5)
FNDA:0,(anonymous_6)
FNDA:0,(anonymous_7)
FNDA:0,(anonymous_8)
FNDA:0,(anonymous_9)
FNDA:0,(anonymous_10)
FNDA:0,(anonymous_11)
FNDA:0,(anonymous_12)
FNDA:0,(anonymous_13)
FNDA:0,(anonymous_14)
FNDA:0,(anonymous_15)
FNDA:0,(anonymous_16)
FNDA:0,(anonymous_17)
FNDA:0,(anonymous_18)
FNDA:0,(anonymous_19)
FNDA:0,(anonymous_20)
FNDA:0,(anonymous_21)
FNDA:0,(anonymous_22)
FNDA:0,(anonymous_23)
FNDA:0,(anonymous_24)
FNDA:0,(anonymous_25)
FNDA:0,(anonymous_26)
FNDA:0,(anonymous_27)
FNDA:0,(anonymous_28)
FNDA:0,(anonymous_29)
FNDA:0,(anonymous_30)
FNDA:0,(anonymous_31)
FNDA:0,(anonymous_32)
FNDA:0,(anonymous_33)
FNDA:0,(anonymous_34)
FNDA:0,(anonymous_35)
FNDA:0,(anonymous_36)
FNDA:0,(anonymous_37)
FNDA:0,(anonymous_38)
FNDA:0,(anonymous_39)
FNDA:14,(anonymous_40)
FNDA:9,(anonymous_41)
FNDA:703,(anonymous_42)
FNDA:0,(anonymous_43)
FNDA:0,(anonymous_44)
DA:1,1
DA:8,1
DA:9,1
DA:10,1
DA:11,1
DA:65,1
DA:67,18
DA:68,18
DA:69,18
DA:70,18
DA:74,0
DA:78,0
DA:80,0
DA:82,0
DA:86,0
DA:87,0
DA:97,0
DA:98,0
DA:108,0
DA:119,10
DA:120,1
DA:123,9
DA:124,9
DA:126,7
DA:134,7
DA:135,2
DA:136,2
DA:150,2
DA:151,2
DA:153,5
DA:154,5
DA:158,5
DA:159,5
DA:163,5
DA:164,5
DA:166,5
DA:167,3
DA:168,1
DA:170,2
DA:171,1
DA:175,3
DA:179,3
DA:180,2
DA:181,2
DA:187,5
DA:195,5
DA:209,0
DA:210,0
DA:214,0
DA:215,0
DA:217,0
DA:220,0
DA:221,0
DA:224,0
DA:225,0
DA:226,0
DA:228,0
DA:239,0
DA:241,0
DA:245,0
DA:246,0
DA:247,0
DA:249,0
DA:252,0
DA:254,0
DA:265,0
DA:267,0
DA:271,0
DA:272,0
DA:273,0
DA:275,0
DA:278,0
DA:280,0
DA:310,0
DA:311,0
DA:315,0
DA:323,0
DA:327,0
DA:332,0
DA:342,0
DA:344,0
DA:359,0
DA:360,0
DA:361,0
DA:362,0
DA:365,0
DA:367,0
DA:370,0
DA:371,0
DA:373,0
DA:387,0
DA:390,0
DA:391,0
DA:392,0
DA:393,0
DA:394,0
DA:395,0
DA:396,0
DA:397,0
DA:400,0
DA:419,0
DA:420,0
DA:421,0
DA:423,0
DA:426,0
DA:444,0
DA:446,0
DA:447,0
DA:448,0
DA:450,0
DA:451,0
DA:453,0
DA:489,0
DA:490,0
DA:492,0
DA:494,0
DA:500,0
DA:508,0
DA:509,0
DA:512,0
DA:518,0
DA:524,0
DA:529,0
DA:536,0
DA:555,0
DA:565,0
DA:566,0
DA:568,0
DA:570,0
DA:571,0
DA:573,0
DA:574,0
DA:575,0
DA:580,0
DA:581,0
DA:582,0
DA:583,0
DA:586,0
DA:599,0
DA:603,0
DA:609,0
DA:615,0
DA:621,14
DA:622,5
DA:623,5
DA:624,5
DA:625,3
DA:626,3
DA:627,3
DA:633,12
DA:634,12
DA:638,9
DA:642,9
DA:647,9
DA:648,7
DA:652,703
DA:656,0
DA:657,0
DA:658,0
DA:660,0
DA:662,0
DA:666,0
DA:667,0
DA:668,0
DA:669,0
DA:670,0
DA:671,0
DA:673,0
DA:675,0
DA:676,0
DA:679,0
DA:680,0
DA:682,0
LF:173
LH:51
BRDA:78,0,0,0
BRDA:78,0,1,0
BRDA:78,1,0,0
BRDA:78,1,1,0
BRDA:86,2,0,0
BRDA:86,2,1,0
BRDA:119,3,0,1
BRDA:119,3,1,9
BRDA:119,4,0,10
BRDA:119,4,1,2
BRDA:119,4,2,1
BRDA:134,5,0,2
BRDA:134,5,1,5
BRDA:163,6,0,5
BRDA:163,6,1,0
BRDA:166,7,0,3
BRDA:166,7,1,2
BRDA:166,8,0,5
BRDA:166,8,1,5
BRDA:167,9,0,1
BRDA:167,9,1,2
BRDA:170,10,0,1
BRDA:170,10,1,1
BRDA:179,11,0,2
BRDA:179,11,1,1
BRDA:209,12,0,0
BRDA:209,12,1,0
BRDA:220,13,0,0
BRDA:220,13,1,0
BRDA:225,14,0,0
BRDA:225,14,1,0
BRDA:226,15,0,0
BRDA:226,15,1,0
BRDA:246,16,0,0
BRDA:246,16,1,0
BRDA:252,17,0,0
BRDA:252,17,1,0
BRDA:272,18,0,0
BRDA:272,18,1,0
BRDA:278,19,0,0
BRDA:278,19,1,0
BRDA:320,20,0,0
BRDA:320,20,1,0
BRDA:321,21,0,0
BRDA:321,21,1,0
BRDA:362,22,0,0
BRDA:362,22,1,0
BRDA:367,23,0,0
BRDA:367,23,1,0
BRDA:371,24,0,0
BRDA:371,24,1,0
BRDA:371,24,2,0
BRDA:390,25,0,0
BRDA:390,25,1,0
BRDA:394,26,0,0
BRDA:394,26,1,0
BRDA:404,27,0,0
BRDA:404,27,1,0
BRDA:420,28,0,0
BRDA:420,28,1,0
BRDA:423,29,0,0
BRDA:423,29,1,0
BRDA:430,30,0,0
BRDA:430,30,1,0
BRDA:431,31,0,0
BRDA:431,31,1,0
BRDA:431,31,2,0
BRDA:432,32,0,0
BRDA:432,32,1,0
BRDA:433,33,0,0
BRDA:433,33,1,0
BRDA:433,33,2,0
BRDA:447,34,0,0
BRDA:447,34,1,0
BRDA:448,35,0,0
BRDA:448,35,1,0
BRDA:494,36,0,0
BRDA:494,36,1,0
BRDA:509,37,0,0
BRDA:509,37,1,0
BRDA:533,38,0,0
BRDA:533,38,1,0
BRDA:535,39,0,0
BRDA:535,39,1,0
BRDA:565,40,0,0
BRDA:565,40,1,0
BRDA:566,41,0,0
BRDA:566,41,1,0
BRDA:570,42,0,0
BRDA:570,42,1,0
BRDA:574,43,0,0
BRDA:574,43,1,0
BRDA:577,44,0,0
BRDA:577,44,1,0
BRDA:581,45,0,0
BRDA:581,45,1,0
BRDA:591,46,0,0
BRDA:591,46,1,0
BRDA:621,47,0,5
BRDA:621,47,1,9
BRDA:625,48,0,3
BRDA:625,48,1,0
BRDA:625,49,0,3
BRDA:625,49,1,3
BRDA:627,50,0,2
BRDA:627,50,1,1
BRDA:638,51,0,8
BRDA:638,51,1,1
BRDA:647,52,0,2
BRDA:647,52,1,7
BRDA:656,53,0,0
BRDA:656,53,1,0
BRDA:657,54,0,0
BRDA:657,54,1,0
BRDA:666,55,0,0
BRDA:666,55,1,0
BRDA:667,56,0,0
BRDA:667,56,1,0
BRDA:670,57,0,0
BRDA:670,57,1,0
BRDA:670,58,0,0
BRDA:670,58,1,0
BRDA:670,58,2,0
BRDA:675,59,0,0
BRDA:675,59,1,0
BRDA:679,60,0,0
BRDA:679,60,1,0
BRF:127
BRH:29
end_of_record
TN:
SF:src\sessions\dto\open-session.dto.ts
FNF:0
FNH:0
DA:1,0
DA:3,0
DA:6,0
DA:10,0
DA:14,0
DA:18,0
LF:6
LH:0
BRF:0
BRH:0
end_of_record
TN:
SF:src\sessions\dto\open-staff-session.dto.ts
FNF:0
FNH:0
DA:1,0
DA:3,0
DA:5,0
LF:3
LH:0
BRF:0
BRH:0
end_of_record
TN:
SF:src\storage\storage.service.ts
FN:5,(anonymous_1)
FN:8,(anonymous_2)
FN:18,(anonymous_3)
FN:29,(anonymous_4)
FNF:4
FNH:0
FNDA:0,(anonymous_1)
FNDA:0,(anonymous_2)
FNDA:0,(anonymous_3)
FNDA:0,(anonymous_4)
DA:1,0
DA:2,0
DA:5,0
DA:6,0
DA:9,0
DA:10,0
DA:15,0
DA:19,0
DA:23,0
DA:25,0
DA:26,0
DA:30,0
DA:31,0
LF:13
LH:0
BRDA:9,0,0,0
BRDA:9,0,1,0
BRDA:23,1,0,0
BRDA:23,1,1,0
BRDA:31,2,0,0
BRDA:31,2,1,0
BRF:6
BRH:0
end_of_record
TN:
SF:src\users\users.service.ts
FN:7,(anonymous_2)
FN:11,(anonymous_3)
FN:15,(anonymous_4)
FN:19,(anonymous_5)
FN:30,(anonymous_6)
FN:34,(anonymous_7)
FN:38,(anonymous_8)
FN:51,(anonymous_9)
FN:55,(anonymous_10)
FN:59,(anonymous_11)
FNF:10
FNH:10
FNDA:15,(anonymous_2)
FNDA:2,(anonymous_3)
FNDA:2,(anonymous_4)
FNDA:2,(anonymous_5)
FNDA:2,(anonymous_6)
FNDA:1,(anonymous_7)
FNDA:1,(anonymous_8)
FNDA:2,(anonymous_9)
FNDA:1,(anonymous_10)
FNDA:2,(anonymous_11)
DA:1,3
DA:2,3
DA:6,3
DA:7,15
DA:12,2
DA:16,2
DA:25,2
DA:31,2
DA:35,1
DA:46,1
DA:52,2
DA:56,1
DA:65,2
LF:13
LH:13
BRF:0
BRH:0
end_of_record
TN:
SF:src\waiter-calls\waiter-calls.controller.ts
FN:10,(anonymous_4)
FN:17,(anonymous_5)
FN:28,(anonymous_6)
FN:42,(anonymous_7)
FNF:4
FNH:0
FNDA:0,(anonymous_4)
FNDA:0,(anonymous_5)
FNDA:0,(anonymous_6)
FNDA:0,(anonymous_7)
DA:1,0
DA:2,0
DA:3,0
DA:4,0
DA:5,0
DA:9,0
DA:10,0
DA:17,0
DA:18,0
DA:28,0
DA:32,0
DA:42,0
DA:46,0
LF:13
LH:0
BRF:0
BRH:0
end_of_record
TN:
SF:src\waiter-calls\waiter-calls.service.ts
FN:22,(anonymous_2)
FN:28,(anonymous_3)
FN:34,(anonymous_4)
FN:42,(anonymous_5)
FN:43,(anonymous_6)
FN:52,(anonymous_7)
FN:58,(anonymous_8)
FN:102,(anonymous_9)
FNF:8
FNH:0
FNDA:0,(anonymous_2)
FNDA:0,(anonymous_3)
FNDA:0,(anonymous_4)
FNDA:0,(anonymous_5)
FNDA:0,(anonymous_6)
FNDA:0,(anonymous_7)
FNDA:0,(anonymous_8)
FNDA:0,(anonymous_9)
DA:1,0
DA:7,0
DA:8,0
DA:9,0
DA:21,0
DA:23,0
DA:24,0
DA:25,0
DA:30,0
DA:34,0
DA:35,0
DA:38,0
DA:42,0
DA:43,0
DA:44,0
DA:47,0
DA:52,0
DA:59,0
DA:60,0
DA:64,0
DA:65,0
DA:67,0
DA:70,0
DA:71,0
DA:74,0
DA:77,0
DA:81,0
DA:82,0
DA:83,0
DA:87,0
DA:92,0
DA:99,0
DA:103,0
DA:104,0
DA:108,0
DA:109,0
DA:111,0
DA:114,0
DA:115,0
DA:118,0
DA:119,0
DA:120,0
DA:122,0
LF:43
LH:0
BRDA:35,0,0,0
BRDA:35,0,1,0
BRDA:44,1,0,0
BRDA:44,1,1,0
BRDA:54,2,0,0
BRDA:54,2,1,0
BRDA:59,3,0,0
BRDA:59,3,1,0
BRDA:70,4,0,0
BRDA:70,4,1,0
BRDA:81,5,0,0
BRDA:81,5,1,0
BRDA:82,6,0,0
BRDA:82,6,1,0
BRDA:88,7,0,0
BRDA:88,7,1,0
BRDA:96,8,0,0
BRDA:96,8,1,0
BRDA:103,9,0,0
BRDA:103,9,1,0
BRDA:114,10,0,0
BRDA:114,10,1,0
BRDA:119,11,0,0
BRDA:119,11,1,0
BRDA:120,12,0,0
BRDA:120,12,1,0
BRF:26
BRH:0
end_of_record
TN:
SF:src\waiter-calls\dto\create-waiter-call.dto.ts
FNF:0
FNH:0
DA:1,0
DA:3,0
DA:5,0
DA:9,0
LF:4
LH:0
BRF:0
BRH:0
end_of_record
