{"total": {"lines":{"total":5030,"covered":62,"skipped":0,"pct":1.23},"statements":{"total":5030,"covered":62,"skipped":0,"pct":1.23},"functions":{"total":30,"covered":8,"skipped":0,"pct":26.66},"branches":{"total":51,"covered":26,"skipped":0,"pct":50.98},"branchesTrue":{"total":0,"covered":0,"skipped":0,"pct":100}}
,"C:\\Users\\dante\\OneDrive\\Escritorio\\MenYU\\apps\\web-staff\\eslint.config.js": {"lines":{"total":28,"covered":0,"skipped":0,"pct":0},"functions":{"total":1,"covered":0,"skipped":0,"pct":0},"statements":{"total":28,"covered":0,"skipped":0,"pct":0},"branches":{"total":1,"covered":0,"skipped":0,"pct":0}}
,"C:\\Users\\dante\\OneDrive\\Escritorio\\MenYU\\apps\\web-staff\\postcss.config.js": {"lines":{"total":6,"covered":0,"skipped":0,"pct":0},"functions":{"total":1,"covered":0,"skipped":0,"pct":0},"statements":{"total":6,"covered":0,"skipped":0,"pct":0},"branches":{"total":1,"covered":0,"skipped":0,"pct":0}}
,"C:\\Users\\dante\\OneDrive\\Escritorio\\MenYU\\apps\\web-staff\\tailwind.config.js": {"lines":{"total":11,"covered":0,"skipped":0,"pct":0},"functions":{"total":1,"covered":0,"skipped":0,"pct":0},"statements":{"total":11,"covered":0,"skipped":0,"pct":0},"branches":{"total":1,"covered":0,"skipped":0,"pct":0}}
,"C:\\Users\\dante\\OneDrive\\Escritorio\\MenYU\\apps\\web-staff\\dist\\assets\\index-Cbi1qHRq.js": {"lines":{"total":67,"covered":0,"skipped":0,"pct":0},"functions":{"total":1,"covered":0,"skipped":0,"pct":0},"statements":{"total":67,"covered":0,"skipped":0,"pct":0},"branches":{"total":1,"covered":0,"skipped":0,"pct":0}}
,"C:\\Users\\dante\\OneDrive\\Escritorio\\MenYU\\apps\\web-staff\\src\\App.tsx": {"lines":{"total":49,"covered":0,"skipped":0,"pct":0},"functions":{"total":1,"covered":0,"skipped":0,"pct":0},"statements":{"total":49,"covered":0,"skipped":0,"pct":0},"branches":{"total":1,"covered":0,"skipped":0,"pct":0}}
,"C:\\Users\\dante\\OneDrive\\Escritorio\\MenYU\\apps\\web-staff\\src\\components\\MozoNotifications.tsx": {"lines":{"total":170,"covered":0,"skipped":0,"pct":0},"functions":{"total":1,"covered":0,"skipped":0,"pct":0},"statements":{"total":170,"covered":0,"skipped":0,"pct":0},"branches":{"total":1,"covered":0,"skipped":0,"pct":0}}
,"C:\\Users\\dante\\OneDrive\\Escritorio\\MenYU\\apps\\web-staff\\src\\components\\PageHeader.tsx": {"lines":{"total":216,"covered":0,"skipped":0,"pct":0},"functions":{"total":1,"covered":0,"skipped":0,"pct":0},"statements":{"total":216,"covered":0,"skipped":0,"pct":0},"branches":{"total":1,"covered":0,"skipped":0,"pct":0}}
,"C:\\Users\\dante\\OneDrive\\Escritorio\\MenYU\\apps\\web-staff\\src\\pages\\cocina\\CocinaPage.tsx": {"lines":{"total":358,"covered":0,"skipped":0,"pct":0},"functions":{"total":1,"covered":0,"skipped":0,"pct":0},"statements":{"total":358,"covered":0,"skipped":0,"pct":0},"branches":{"total":1,"covered":0,"skipped":0,"pct":0}}
,"C:\\Users\\dante\\OneDrive\\Escritorio\\MenYU\\apps\\web-staff\\src\\pages\\gerente\\PagosGerente.tsx": {"lines":{"total":513,"covered":0,"skipped":0,"pct":0},"functions":{"total":1,"covered":0,"skipped":0,"pct":0},"statements":{"total":513,"covered":0,"skipped":0,"pct":0},"branches":{"total":1,"covered":0,"skipped":0,"pct":0}}
,"C:\\Users\\dante\\OneDrive\\Escritorio\\MenYU\\apps\\web-staff\\src\\pages\\login\\LoginPage.tsx": {"lines":{"total":24,"covered":0,"skipped":0,"pct":0},"functions":{"total":1,"covered":0,"skipped":0,"pct":0},"statements":{"total":24,"covered":0,"skipped":0,"pct":0},"branches":{"total":1,"covered":0,"skipped":0,"pct":0}}
,"C:\\Users\\dante\\OneDrive\\Escritorio\\MenYU\\apps\\web-staff\\src\\pages\\mozo\\HistorialPage.tsx": {"lines":{"total":547,"covered":0,"skipped":0,"pct":0},"functions":{"total":1,"covered":0,"skipped":0,"pct":0},"statements":{"total":547,"covered":0,"skipped":0,"pct":0},"branches":{"total":1,"covered":0,"skipped":0,"pct":0}}
,"C:\\Users\\dante\\OneDrive\\Escritorio\\MenYU\\apps\\web-staff\\src\\pages\\mozo\\MesasPage.tsx": {"lines":{"total":432,"covered":0,"skipped":0,"pct":0},"functions":{"total":1,"covered":0,"skipped":0,"pct":0},"statements":{"total":432,"covered":0,"skipped":0,"pct":0},"branches":{"total":1,"covered":0,"skipped":0,"pct":0}}
,"C:\\Users\\dante\\OneDrive\\Escritorio\\MenYU\\apps\\web-staff\\src\\pages\\mozo\\MozoPanel.tsx": {"lines":{"total":581,"covered":0,"skipped":0,"pct":0},"functions":{"total":1,"covered":0,"skipped":0,"pct":0},"statements":{"total":581,"covered":0,"skipped":0,"pct":0},"branches":{"total":1,"covered":0,"skipped":0,"pct":0}}
,"C:\\Users\\dante\\OneDrive\\Escritorio\\MenYU\\apps\\web-staff\\src\\pages\\mozo\\PagosMozo.tsx": {"lines":{"total":357,"covered":0,"skipped":0,"pct":0},"functions":{"total":1,"covered":0,"skipped":0,"pct":0},"statements":{"total":357,"covered":0,"skipped":0,"pct":0},"branches":{"total":1,"covered":0,"skipped":0,"pct":0}}
,"C:\\Users\\dante\\OneDrive\\Escritorio\\MenYU\\apps\\web-staff\\src\\pages\\mozo\\PedidosPage.tsx": {"lines":{"total":417,"covered":0,"skipped":0,"pct":0},"functions":{"total":1,"covered":0,"skipped":0,"pct":0},"statements":{"total":417,"covered":0,"skipped":0,"pct":0},"branches":{"total":1,"covered":0,"skipped":0,"pct":0}}
,"C:\\Users\\dante\\OneDrive\\Escritorio\\MenYU\\apps\\web-staff\\src\\pages\\mozo\\TomaPedidosPage.tsx": {"lines":{"total":601,"covered":0,"skipped":0,"pct":0},"functions":{"total":1,"covered":0,"skipped":0,"pct":0},"statements":{"total":601,"covered":0,"skipped":0,"pct":0},"branches":{"total":1,"covered":0,"skipped":0,"pct":0}}
,"C:\\Users\\dante\\OneDrive\\Escritorio\\MenYU\\apps\\web-staff\\src\\pages\\selector\\SelectorPage.tsx": {"lines":{"total":315,"covered":0,"skipped":0,"pct":0},"functions":{"total":1,"covered":0,"skipped":0,"pct":0},"statements":{"total":315,"covered":0,"skipped":0,"pct":0},"branches":{"total":1,"covered":0,"skipped":0,"pct":0}}
,"C:\\Users\\dante\\OneDrive\\Escritorio\\MenYU\\apps\\web-staff\\src\\services\\api.ts": {"lines":{"total":102,"covered":0,"skipped":0,"pct":0},"functions":{"total":1,"covered":0,"skipped":0,"pct":0},"statements":{"total":102,"covered":0,"skipped":0,"pct":0},"branches":{"total":1,"covered":0,"skipped":0,"pct":0}}
,"C:\\Users\\dante\\OneDrive\\Escritorio\\MenYU\\apps\\web-staff\\src\\services\\impresora.ts": {"lines":{"total":77,"covered":0,"skipped":0,"pct":0},"functions":{"total":1,"covered":0,"skipped":0,"pct":0},"statements":{"total":77,"covered":0,"skipped":0,"pct":0},"branches":{"total":1,"covered":0,"skipped":0,"pct":0}}
,"C:\\Users\\dante\\OneDrive\\Escritorio\\MenYU\\apps\\web-staff\\src\\services\\socket.ts": {"lines":{"total":63,"covered":0,"skipped":0,"pct":0},"functions":{"total":1,"covered":0,"skipped":0,"pct":0},"statements":{"total":63,"covered":0,"skipped":0,"pct":0},"branches":{"total":1,"covered":0,"skipped":0,"pct":0}}
,"C:\\Users\\dante\\OneDrive\\Escritorio\\MenYU\\apps\\web-staff\\src\\store\\cocinaStore.ts": {"lines":{"total":20,"covered":20,"skipped":0,"pct":100},"functions":{"total":3,"covered":3,"skipped":0,"pct":100},"statements":{"total":20,"covered":20,"skipped":0,"pct":100},"branches":{"total":12,"covered":12,"skipped":0,"pct":100}}
,"C:\\Users\\dante\\OneDrive\\Escritorio\\MenYU\\apps\\web-staff\\src\\store\\mozoStore.ts": {"lines":{"total":63,"covered":42,"skipped":0,"pct":66.66},"functions":{"total":6,"covered":5,"skipped":0,"pct":83.33},"statements":{"total":63,"covered":42,"skipped":0,"pct":66.66},"branches":{"total":18,"covered":14,"skipped":0,"pct":77.77}}
,"C:\\Users\\dante\\OneDrive\\Escritorio\\MenYU\\apps\\web-staff\\src\\store\\notificationStore.ts": {"lines":{"total":13,"covered":0,"skipped":0,"pct":0},"functions":{"total":1,"covered":0,"skipped":0,"pct":0},"statements":{"total":13,"covered":0,"skipped":0,"pct":0},"branches":{"total":1,"covered":0,"skipped":0,"pct":0}}
}
