{"total": {"lines":{"total":10998,"covered":47,"skipped":0,"pct":0.42},"statements":{"total":10998,"covered":47,"skipped":0,"pct":0.42},"functions":{"total":31,"covered":4,"skipped":0,"pct":12.9},"branches":{"total":52,"covered":18,"skipped":0,"pct":34.61},"branchesTrue":{"total":0,"covered":0,"skipped":0,"pct":100}}
,"C:\\Users\\dante\\OneDrive\\Escritorio\\MenYU\\apps\\web-admin\\eslint.config.js": {"lines":{"total":28,"covered":0,"skipped":0,"pct":0},"functions":{"total":1,"covered":0,"skipped":0,"pct":0},"statements":{"total":28,"covered":0,"skipped":0,"pct":0},"branches":{"total":1,"covered":0,"skipped":0,"pct":0}}
,"C:\\Users\\dante\\OneDrive\\Escritorio\\MenYU\\apps\\web-admin\\postcss.config.js": {"lines":{"total":6,"covered":0,"skipped":0,"pct":0},"functions":{"total":1,"covered":0,"skipped":0,"pct":0},"statements":{"total":6,"covered":0,"skipped":0,"pct":0},"branches":{"total":1,"covered":0,"skipped":0,"pct":0}}
,"C:\\Users\\dante\\OneDrive\\Escritorio\\MenYU\\apps\\web-admin\\tailwind.config.js": {"lines":{"total":11,"covered":0,"skipped":0,"pct":0},"functions":{"total":1,"covered":0,"skipped":0,"pct":0},"statements":{"total":11,"covered":0,"skipped":0,"pct":0},"branches":{"total":1,"covered":0,"skipped":0,"pct":0}}
,"C:\\Users\\dante\\OneDrive\\Escritorio\\MenYU\\apps\\web-admin\\dist\\assets\\index-DnwcAM8V.js": {"lines":{"total":68,"covered":0,"skipped":0,"pct":0},"functions":{"total":1,"covered":0,"skipped":0,"pct":0},"statements":{"total":68,"covered":0,"skipped":0,"pct":0},"branches":{"total":1,"covered":0,"skipped":0,"pct":0}}
,"C:\\Users\\dante\\OneDrive\\Escritorio\\MenYU\\apps\\web-admin\\src\\App.tsx": {"lines":{"total":86,"covered":0,"skipped":0,"pct":0},"functions":{"total":1,"covered":0,"skipped":0,"pct":0},"statements":{"total":86,"covered":0,"skipped":0,"pct":0},"branches":{"total":1,"covered":0,"skipped":0,"pct":0}}
,"C:\\Users\\dante\\OneDrive\\Escritorio\\MenYU\\apps\\web-admin\\src\\pages\\admin\\AdminLayout.tsx": {"lines":{"total":527,"covered":0,"skipped":0,"pct":0},"functions":{"total":1,"covered":0,"skipped":0,"pct":0},"statements":{"total":527,"covered":0,"skipped":0,"pct":0},"branches":{"total":1,"covered":0,"skipped":0,"pct":0}}
,"C:\\Users\\dante\\OneDrive\\Escritorio\\MenYU\\apps\\web-admin\\src\\pages\\admin\\auditoria\\AuditoriaPage.tsx": {"lines":{"total":461,"covered":0,"skipped":0,"pct":0},"functions":{"total":1,"covered":0,"skipped":0,"pct":0},"statements":{"total":461,"covered":0,"skipped":0,"pct":0},"branches":{"total":1,"covered":0,"skipped":0,"pct":0}}
,"C:\\Users\\dante\\OneDrive\\Escritorio\\MenYU\\apps\\web-admin\\src\\pages\\admin\\dashboard\\DashboardPage.tsx": {"lines":{"total":345,"covered":0,"skipped":0,"pct":0},"functions":{"total":1,"covered":0,"skipped":0,"pct":0},"statements":{"total":345,"covered":0,"skipped":0,"pct":0},"branches":{"total":1,"covered":0,"skipped":0,"pct":0}}
,"C:\\Users\\dante\\OneDrive\\Escritorio\\MenYU\\apps\\web-admin\\src\\pages\\admin\\gerente\\GerenceMesasPage.tsx": {"lines":{"total":628,"covered":0,"skipped":0,"pct":0},"functions":{"total":1,"covered":0,"skipped":0,"pct":0},"statements":{"total":628,"covered":0,"skipped":0,"pct":0},"branches":{"total":1,"covered":0,"skipped":0,"pct":0}}
,"C:\\Users\\dante\\OneDrive\\Escritorio\\MenYU\\apps\\web-admin\\src\\pages\\admin\\gerente\\HistorialPage.tsx": {"lines":{"total":751,"covered":0,"skipped":0,"pct":0},"functions":{"total":1,"covered":0,"skipped":0,"pct":0},"statements":{"total":751,"covered":0,"skipped":0,"pct":0},"branches":{"total":1,"covered":0,"skipped":0,"pct":0}}
,"C:\\Users\\dante\\OneDrive\\Escritorio\\MenYU\\apps\\web-admin\\src\\pages\\admin\\gerente\\HistorialSesionesPage.tsx": {"lines":{"total":923,"covered":0,"skipped":0,"pct":0},"functions":{"total":1,"covered":0,"skipped":0,"pct":0},"statements":{"total":923,"covered":0,"skipped":0,"pct":0},"branches":{"total":1,"covered":0,"skipped":0,"pct":0}}
,"C:\\Users\\dante\\OneDrive\\Escritorio\\MenYU\\apps\\web-admin\\src\\pages\\admin\\gerente\\PedidosPage.tsx": {"lines":{"total":685,"covered":0,"skipped":0,"pct":0},"functions":{"total":1,"covered":0,"skipped":0,"pct":0},"statements":{"total":685,"covered":0,"skipped":0,"pct":0},"branches":{"total":1,"covered":0,"skipped":0,"pct":0}}
,"C:\\Users\\dante\\OneDrive\\Escritorio\\MenYU\\apps\\web-admin\\src\\pages\\admin\\gerente\\TomaPedidosPage.tsx": {"lines":{"total":797,"covered":0,"skipped":0,"pct":0},"functions":{"total":1,"covered":0,"skipped":0,"pct":0},"statements":{"total":797,"covered":0,"skipped":0,"pct":0},"branches":{"total":1,"covered":0,"skipped":0,"pct":0}}
,"C:\\Users\\dante\\OneDrive\\Escritorio\\MenYU\\apps\\web-admin\\src\\pages\\admin\\menu\\AdminMenuPage.tsx": {"lines":{"total":990,"covered":0,"skipped":0,"pct":0},"functions":{"total":1,"covered":0,"skipped":0,"pct":0},"statements":{"total":990,"covered":0,"skipped":0,"pct":0},"branches":{"total":1,"covered":0,"skipped":0,"pct":0}}
,"C:\\Users\\dante\\OneDrive\\Escritorio\\MenYU\\apps\\web-admin\\src\\pages\\admin\\menu\\CategoriasTab.tsx": {"lines":{"total":99,"covered":0,"skipped":0,"pct":0},"functions":{"total":1,"covered":0,"skipped":0,"pct":0},"statements":{"total":99,"covered":0,"skipped":0,"pct":0},"branches":{"total":1,"covered":0,"skipped":0,"pct":0}}
,"C:\\Users\\dante\\OneDrive\\Escritorio\\MenYU\\apps\\web-admin\\src\\pages\\admin\\menu\\ClasificacionesTab.tsx": {"lines":{"total":89,"covered":0,"skipped":0,"pct":0},"functions":{"total":1,"covered":0,"skipped":0,"pct":0},"statements":{"total":89,"covered":0,"skipped":0,"pct":0},"branches":{"total":1,"covered":0,"skipped":0,"pct":0}}
,"C:\\Users\\dante\\OneDrive\\Escritorio\\MenYU\\apps\\web-admin\\src\\pages\\admin\\menu\\IngredientesTab.tsx": {"lines":{"total":103,"covered":0,"skipped":0,"pct":0},"functions":{"total":1,"covered":0,"skipped":0,"pct":0},"statements":{"total":103,"covered":0,"skipped":0,"pct":0},"branches":{"total":1,"covered":0,"skipped":0,"pct":0}}
,"C:\\Users\\dante\\OneDrive\\Escritorio\\MenYU\\apps\\web-admin\\src\\pages\\admin\\menu\\ItemFormModal.tsx": {"lines":{"total":727,"covered":0,"skipped":0,"pct":0},"functions":{"total":1,"covered":0,"skipped":0,"pct":0},"statements":{"total":727,"covered":0,"skipped":0,"pct":0},"branches":{"total":1,"covered":0,"skipped":0,"pct":0}}
,"C:\\Users\\dante\\OneDrive\\Escritorio\\MenYU\\apps\\web-admin\\src\\pages\\admin\\menu\\ItemIngredientesPanel.tsx": {"lines":{"total":162,"covered":0,"skipped":0,"pct":0},"functions":{"total":1,"covered":0,"skipped":0,"pct":0},"statements":{"total":162,"covered":0,"skipped":0,"pct":0},"branches":{"total":1,"covered":0,"skipped":0,"pct":0}}
,"C:\\Users\\dante\\OneDrive\\Escritorio\\MenYU\\apps\\web-admin\\src\\pages\\admin\\menu\\ItemsTab.tsx": {"lines":{"total":172,"covered":0,"skipped":0,"pct":0},"functions":{"total":1,"covered":0,"skipped":0,"pct":0},"statements":{"total":172,"covered":0,"skipped":0,"pct":0},"branches":{"total":1,"covered":0,"skipped":0,"pct":0}}
,"C:\\Users\\dante\\OneDrive\\Escritorio\\MenYU\\apps\\web-admin\\src\\pages\\admin\\mozos\\MozosPage.tsx": {"lines":{"total":1201,"covered":0,"skipped":0,"pct":0},"functions":{"total":1,"covered":0,"skipped":0,"pct":0},"statements":{"total":1201,"covered":0,"skipped":0,"pct":0},"branches":{"total":1,"covered":0,"skipped":0,"pct":0}}
,"C:\\Users\\dante\\OneDrive\\Escritorio\\MenYU\\apps\\web-admin\\src\\pages\\admin\\pagos\\PagosPage.tsx": {"lines":{"total":560,"covered":0,"skipped":0,"pct":0},"functions":{"total":1,"covered":0,"skipped":0,"pct":0},"statements":{"total":560,"covered":0,"skipped":0,"pct":0},"branches":{"total":1,"covered":0,"skipped":0,"pct":0}}
,"C:\\Users\\dante\\OneDrive\\Escritorio\\MenYU\\apps\\web-admin\\src\\pages\\admin\\reportes\\ReportesPage.tsx": {"lines":{"total":411,"covered":0,"skipped":0,"pct":0},"functions":{"total":1,"covered":0,"skipped":0,"pct":0},"statements":{"total":411,"covered":0,"skipped":0,"pct":0},"branches":{"total":1,"covered":0,"skipped":0,"pct":0}}
,"C:\\Users\\dante\\OneDrive\\Escritorio\\MenYU\\apps\\web-admin\\src\\pages\\admin\\tables\\TablesPage.tsx": {"lines":{"total":690,"covered":0,"skipped":0,"pct":0},"functions":{"total":1,"covered":0,"skipped":0,"pct":0},"statements":{"total":690,"covered":0,"skipped":0,"pct":0},"branches":{"total":1,"covered":0,"skipped":0,"pct":0}}
,"C:\\Users\\dante\\OneDrive\\Escritorio\\MenYU\\apps\\web-admin\\src\\pages\\login\\LoginPage.tsx": {"lines":{"total":26,"covered":0,"skipped":0,"pct":0},"functions":{"total":1,"covered":0,"skipped":0,"pct":0},"statements":{"total":26,"covered":0,"skipped":0,"pct":0},"branches":{"total":1,"covered":0,"skipped":0,"pct":0}}
,"C:\\Users\\dante\\OneDrive\\Escritorio\\MenYU\\apps\\web-admin\\src\\services\\api.ts": {"lines":{"total":271,"covered":0,"skipped":0,"pct":0},"functions":{"total":1,"covered":0,"skipped":0,"pct":0},"statements":{"total":271,"covered":0,"skipped":0,"pct":0},"branches":{"total":1,"covered":0,"skipped":0,"pct":0}}
,"C:\\Users\\dante\\OneDrive\\Escritorio\\MenYU\\apps\\web-admin\\src\\store\\contextStore.ts": {"lines":{"total":50,"covered":47,"skipped":0,"pct":94},"functions":{"total":4,"covered":4,"skipped":0,"pct":100},"statements":{"total":50,"covered":47,"skipped":0,"pct":94},"branches":{"total":25,"covered":18,"skipped":0,"pct":72}}
,"C:\\Users\\dante\\OneDrive\\Escritorio\\MenYU\\apps\\web-admin\\src\\store\\menuStore.ts": {"lines":{"total":131,"covered":0,"skipped":0,"pct":0},"functions":{"total":1,"covered":0,"skipped":0,"pct":0},"statements":{"total":131,"covered":0,"skipped":0,"pct":0},"branches":{"total":1,"covered":0,"skipped":0,"pct":0}}
}
